<?xml version="1.0" encoding="UTF-8"?>
<robot generator="Robot 6.0.2 (Python 3.11.1 on win32)" generated="20230128 14:23:54.328" rpa="false" schemaversion="3">
<suite id="s1" name="Add Patient" source="C:\Users\40032395\OneDrive - LTTS\Caption Project\2__patient_suite\01__add_patient.robot">
<test id="s1-t1" name="TC1" line="13">
<kw name="Launch Browser and Navigate To Url" library="Common_Functionalities" type="SETUP">
<kw name="Open Browser" library="SeleniumLibrary">
<arg>browser=${BROWSER_NAME}</arg>
<doc>Opens a new browser instance to the optional ``url``.</doc>
<msg timestamp="20230128 14:23:56.123" level="INFO">Opening browser 'chrome' to base url 'None'.</msg>
<status status="PASS" starttime="20230128 14:23:56.107" endtime="20230128 14:23:58.467"/>
</kw>
<kw name="Maximize Browser Window" library="SeleniumLibrary">
<doc>Maximizes current browser window.</doc>
<status status="PASS" starttime="20230128 14:23:58.468" endtime="20230128 14:23:58.617"/>
</kw>
<kw name="Set Selenium Implicit Wait" library="SeleniumLibrary">
<arg>30s</arg>
<doc>Sets the implicit wait value used by Selenium.</doc>
<status status="PASS" starttime="20230128 14:23:58.618" endtime="20230128 14:23:58.627"/>
</kw>
<kw name="Go To" library="SeleniumLibrary">
<arg>url=${URL}</arg>
<doc>Navigates the current browser window to the provided ``url``.</doc>
<msg timestamp="20230128 14:23:58.629" level="INFO">Opening url 'https://demo.openemr.io/b/openemr'</msg>
<status status="PASS" starttime="20230128 14:23:58.628" endtime="20230128 14:24:05.617"/>
</kw>
<status status="PASS" starttime="20230128 14:23:56.107" endtime="20230128 14:24:05.618"/>
</kw>
<kw name="add valid patient tamplate">
<arg>admin</arg>
<arg>pass</arg>
<arg>English (Indian)</arg>
<arg>Sai</arg>
<arg>Bhargav</arg>
<arg>Reddy</arg>
<arg>Masani</arg>
<arg>2001-05-29 00:00:00</arg>
<arg>Male</arg>
<arg>Sai Bhargav Reddy Masani</arg>
<kw name="Input Text" library="SeleniumLibrary">
<arg>name=authUser</arg>
<arg>${authUser}</arg>
<doc>Types the given ``text`` into the text field identified by ``locator``.</doc>
<msg timestamp="20230128 14:24:05.622" level="INFO">Typing text 'admin' into text field 'name=authUser'.</msg>
<status status="PASS" starttime="20230128 14:24:05.621" endtime="20230128 14:24:05.740"/>
</kw>
<kw name="Input Password" library="SeleniumLibrary">
<arg>name=clearPass</arg>
<arg>${clearPass}</arg>
<doc>Types the given password into the text field identified by ``locator``.</doc>
<msg timestamp="20230128 14:24:05.744" level="INFO">Typing password into text field 'name=clearPass'.</msg>
<msg timestamp="20230128 14:24:05.804" level="INFO">Temporally setting log level to: NONE</msg>
<msg timestamp="20230128 14:24:05.892" level="INFO">Log level changed from NONE to INFO.</msg>
<status status="PASS" starttime="20230128 14:24:05.743" endtime="20230128 14:24:05.892"/>
</kw>
<kw name="Select From List By Label" library="SeleniumLibrary">
<arg>name=languageChoice</arg>
<arg>${languageChoice}</arg>
<doc>Selects options from selection list ``locator`` by ``labels``.</doc>
<msg timestamp="20230128 14:24:05.894" level="INFO">Selecting options from selection list 'name=languageChoice' by label English (Indian).</msg>
<status status="PASS" starttime="20230128 14:24:05.893" endtime="20230128 14:24:06.106"/>
</kw>
<kw name="Click Element" library="SeleniumLibrary">
<arg>id=login-button</arg>
<doc>Click the element identified by ``locator``.</doc>
<msg timestamp="20230128 14:24:06.109" level="INFO">Clicking element 'id=login-button'.</msg>
<status status="PASS" starttime="20230128 14:24:06.106" endtime="20230128 14:24:16.470"/>
</kw>
<kw name="Mouse Over" library="SeleniumLibrary">
<arg>xpath=//div[@class='menuLabel px-1 dropdown-toggle oe-dropdown-toggle']</arg>
<doc>Simulates hovering the mouse over the element ``locator``.</doc>
<msg timestamp="20230128 14:24:16.470" level="INFO">Simulating Mouse Over on element 'xpath=//div[@class='menuLabel px-1 dropdown-toggle oe-dropdown-toggle']'.</msg>
<status status="PASS" starttime="20230128 14:24:16.470" endtime="20230128 14:24:16.798"/>
</kw>
<kw name="Click Element" library="SeleniumLibrary">
<arg>xpath=//div[text()='New/Search']</arg>
<doc>Click the element identified by ``locator``.</doc>
<msg timestamp="20230128 14:24:16.800" level="INFO">Clicking element 'xpath=//div[text()='New/Search']'.</msg>
<status status="PASS" starttime="20230128 14:24:16.798" endtime="20230128 14:24:16.895"/>
</kw>
<kw name="Select Frame" library="SeleniumLibrary">
<arg>xpath=//iframe[@name='pat']</arg>
<doc>Sets frame identified by ``locator`` as the current frame.</doc>
<msg timestamp="20230128 14:24:16.896" level="INFO">Selecting frame 'xpath=//iframe[@name='pat']'.</msg>
<status status="PASS" starttime="20230128 14:24:16.896" endtime="20230128 14:24:18.468"/>
</kw>
<kw name="Input Text" library="SeleniumLibrary">
<arg>id=form_fname</arg>
<arg>${form_fname}</arg>
<doc>Types the given ``text`` into the text field identified by ``locator``.</doc>
<msg timestamp="20230128 14:24:18.468" level="INFO">Typing text 'Sai' into text field 'id=form_fname'.</msg>
<status status="PASS" starttime="20230128 14:24:18.468" endtime="20230128 14:24:18.843"/>
</kw>
<kw name="Input Text" library="SeleniumLibrary">
<arg>id=form_mname</arg>
<arg>${form_mname}</arg>
<doc>Types the given ``text`` into the text field identified by ``locator``.</doc>
<msg timestamp="20230128 14:24:18.845" level="INFO">Typing text 'Bhargav' into text field 'id=form_mname'.</msg>
<status status="PASS" starttime="20230128 14:24:18.844" endtime="20230128 14:24:19.037"/>
</kw>
<kw name="Input Text" library="SeleniumLibrary">
<arg>id=form_lname</arg>
<arg>${form_lname}</arg>
<doc>Types the given ``text`` into the text field identified by ``locator``.</doc>
<msg timestamp="20230128 14:24:19.040" level="INFO">Typing text 'Reddy' into text field 'id=form_lname'.</msg>
<status status="PASS" starttime="20230128 14:24:19.038" endtime="20230128 14:24:19.216"/>
</kw>
<kw name="Input Text" library="SeleniumLibrary">
<arg>id=form_suffix</arg>
<arg>${form_suffix}</arg>
<doc>Types the given ``text`` into the text field identified by ``locator``.</doc>
<msg timestamp="20230128 14:24:19.219" level="INFO">Typing text 'Masani' into text field 'id=form_suffix'.</msg>
<status status="PASS" starttime="20230128 14:24:19.216" endtime="20230128 14:24:19.371"/>
</kw>
<kw name="Input Text" library="SeleniumLibrary">
<arg>name=form_DOB</arg>
<arg>${form_DOB}</arg>
<doc>Types the given ``text`` into the text field identified by ``locator``.</doc>
<msg timestamp="20230128 14:24:19.371" level="INFO">Typing text '2001-05-29 00:00:00' into text field 'name=form_DOB'.</msg>
<status status="PASS" starttime="20230128 14:24:19.371" endtime="20230128 14:24:19.566"/>
</kw>
<kw name="Select From List By Label" library="SeleniumLibrary">
<arg>name=form_sex</arg>
<arg>${form_sex}</arg>
<doc>Selects options from selection list ``locator`` by ``labels``.</doc>
<msg timestamp="20230128 14:24:19.569" level="INFO">Selecting options from selection list 'name=form_sex' by label Male.</msg>
<status status="PASS" starttime="20230128 14:24:19.567" endtime="20230128 14:24:19.809"/>
</kw>
<kw name="Click Element" library="SeleniumLibrary">
<arg>id=create</arg>
<doc>Click the element identified by ``locator``.</doc>
<msg timestamp="20230128 14:24:19.810" level="INFO">Clicking element 'id=create'.</msg>
<status status="PASS" starttime="20230128 14:24:19.809" endtime="20230128 14:24:20.028"/>
</kw>
<kw name="Unselect Frame" library="SeleniumLibrary">
<doc>Sets the main frame as the current frame.</doc>
<status status="PASS" starttime="20230128 14:24:20.028" endtime="20230128 14:24:20.042"/>
</kw>
<kw name="Select Frame" library="SeleniumLibrary">
<arg>xpath=//iframe[@id='modalframe']</arg>
<doc>Sets frame identified by ``locator`` as the current frame.</doc>
<msg timestamp="20230128 14:24:20.042" level="INFO">Selecting frame 'xpath=//iframe[@id='modalframe']'.</msg>
<status status="PASS" starttime="20230128 14:24:20.042" endtime="20230128 14:24:22.021"/>
</kw>
<kw name="Click Element" library="SeleniumLibrary">
<arg>xpath=//input[@onclick='dlgclose("srcConfirmSave", false);']</arg>
<doc>Click the element identified by ``locator``.</doc>
<msg timestamp="20230128 14:24:22.021" level="INFO">Clicking element 'xpath=//input[@onclick='dlgclose("srcConfirmSave", false);']'.</msg>
<status status="PASS" starttime="20230128 14:24:22.021" endtime="20230128 14:24:22.154"/>
</kw>
<kw name="Sleep" library="BuiltIn">
<arg>15s</arg>
<doc>Pauses the test executed for the given time.</doc>
<msg timestamp="20230128 14:24:37.154" level="INFO">Slept 15 seconds</msg>
<status status="PASS" starttime="20230128 14:24:22.154" endtime="20230128 14:24:37.154"/>
</kw>
<kw name="Handle Alert" library="SeleniumLibrary">
<var>${alert_text}</var>
<arg>action=ACCEPT</arg>
<doc>Handles the current alert and returns its message.</doc>
<msg timestamp="20230128 14:24:37.154" level="INFO">HANDLE::&lt;class 'NoneType'&gt;::None</msg>
<msg timestamp="20230128 14:24:37.165" level="INFO">${alert_text} = New Due Clinical Reminders  Measurement: Weight Assessment: Tobacco  (See the Clinical Reminders widget for more details)</msg>
<status status="PASS" starttime="20230128 14:24:37.154" endtime="20230128 14:24:37.165"/>
</kw>
<kw name="Log To Console" library="BuiltIn">
<arg>${alert_text}</arg>
<doc>Logs the given message to the console.</doc>
<status status="PASS" starttime="20230128 14:24:37.165" endtime="20230128 14:24:37.168"/>
</kw>
<kw name="Click Element" library="SeleniumLibrary">
<arg>xpath=//div[@class='closeDlgIframe']</arg>
<doc>Click the element identified by ``locator``.</doc>
<msg timestamp="20230128 14:24:37.169" level="INFO">Clicking element 'xpath=//div[@class='closeDlgIframe']'.</msg>
<msg timestamp="20230128 14:25:07.507" level="INFO" html="true">&lt;/td&gt;&lt;/tr&gt;&lt;tr&gt;&lt;td colspan="3"&gt;&lt;a href="selenium-screenshot-12.png"&gt;&lt;img src="selenium-screenshot-12.png" width="800px"&gt;&lt;/a&gt;</msg>
<msg timestamp="20230128 14:25:07.507" level="FAIL">Element with locator 'xpath=//div[@class='closeDlgIframe']' not found.</msg>
<status status="FAIL" starttime="20230128 14:24:37.168" endtime="20230128 14:25:07.509"/>
</kw>
<kw name="Select Frame" library="SeleniumLibrary">
<arg>xpath=//iframe[@name='pat']</arg>
<doc>Sets frame identified by ``locator`` as the current frame.</doc>
<status status="NOT RUN" starttime="20230128 14:25:07.509" endtime="20230128 14:25:07.509"/>
</kw>
<kw name="Element Should Contain" library="SeleniumLibrary">
<arg>xpath=//h2[contains(text(),'Medical Record Dashboard')]</arg>
<arg>${expected_data}</arg>
<doc>Verifies that element ``locator`` contains text ``expected``.</doc>
<status status="NOT RUN" starttime="20230128 14:25:07.509" endtime="20230128 14:25:07.509"/>
</kw>
<status status="FAIL" starttime="20230128 14:24:05.619" endtime="20230128 14:25:07.509"/>
</kw>
<kw name="Close Browser" library="SeleniumLibrary" type="TEARDOWN">
<doc>Closes the current browser.</doc>
<status status="PASS" starttime="20230128 14:25:07.509" endtime="20230128 14:25:09.813"/>
</kw>
<status status="FAIL" starttime="20230128 14:23:56.107" endtime="20230128 14:25:09.813">Element with locator 'xpath=//div[@class='closeDlgIframe']' not found.</status>
</test>
<test id="s1-t2" name="TC1" line="13">
<kw name="Launch Browser and Navigate To Url" library="Common_Functionalities" type="SETUP">
<kw name="Open Browser" library="SeleniumLibrary">
<arg>browser=${BROWSER_NAME}</arg>
<doc>Opens a new browser instance to the optional ``url``.</doc>
<msg timestamp="20230128 14:25:09.813" level="INFO">Opening browser 'chrome' to base url 'None'.</msg>
<status status="PASS" starttime="20230128 14:25:09.813" endtime="20230128 14:25:12.041"/>
</kw>
<kw name="Maximize Browser Window" library="SeleniumLibrary">
<doc>Maximizes current browser window.</doc>
<status status="PASS" starttime="20230128 14:25:12.043" endtime="20230128 14:25:12.181"/>
</kw>
<kw name="Set Selenium Implicit Wait" library="SeleniumLibrary">
<arg>30s</arg>
<doc>Sets the implicit wait value used by Selenium.</doc>
<status status="PASS" starttime="20230128 14:25:12.183" endtime="20230128 14:25:12.189"/>
</kw>
<kw name="Go To" library="SeleniumLibrary">
<arg>url=${URL}</arg>
<doc>Navigates the current browser window to the provided ``url``.</doc>
<msg timestamp="20230128 14:25:12.192" level="INFO">Opening url 'https://demo.openemr.io/b/openemr'</msg>
<status status="PASS" starttime="20230128 14:25:12.190" endtime="20230128 14:25:25.598"/>
</kw>
<status status="PASS" starttime="20230128 14:25:09.813" endtime="20230128 14:25:25.598"/>
</kw>
<kw name="add valid patient tamplate">
<arg>admin</arg>
<arg>pass</arg>
<arg>English (Indian)</arg>
<arg>Sai</arg>
<arg>Krishna </arg>
<arg>Reddy</arg>
<arg>Masani</arg>
<arg>2004-05-27 00:00:00</arg>
<arg>Male</arg>
<arg>Sai Krishna Reddy Masani</arg>
<kw name="Input Text" library="SeleniumLibrary">
<arg>name=authUser</arg>
<arg>${authUser}</arg>
<doc>Types the given ``text`` into the text field identified by ``locator``.</doc>
<msg timestamp="20230128 14:25:25.602" level="INFO">Typing text 'admin' into text field 'name=authUser'.</msg>
<status status="PASS" starttime="20230128 14:25:25.598" endtime="20230128 14:25:25.837"/>
</kw>
<kw name="Input Password" library="SeleniumLibrary">
<arg>name=clearPass</arg>
<arg>${clearPass}</arg>
<doc>Types the given password into the text field identified by ``locator``.</doc>
<msg timestamp="20230128 14:25:25.837" level="INFO">Typing password into text field 'name=clearPass'.</msg>
<msg timestamp="20230128 14:25:25.922" level="INFO">Temporally setting log level to: NONE</msg>
<msg timestamp="20230128 14:25:26.016" level="INFO">Log level changed from NONE to INFO.</msg>
<status status="PASS" starttime="20230128 14:25:25.837" endtime="20230128 14:25:26.016"/>
</kw>
<kw name="Select From List By Label" library="SeleniumLibrary">
<arg>name=languageChoice</arg>
<arg>${languageChoice}</arg>
<doc>Selects options from selection list ``locator`` by ``labels``.</doc>
<msg timestamp="20230128 14:25:26.016" level="INFO">Selecting options from selection list 'name=languageChoice' by label English (Indian).</msg>
<status status="PASS" starttime="20230128 14:25:26.016" endtime="20230128 14:25:26.219"/>
</kw>
<kw name="Click Element" library="SeleniumLibrary">
<arg>id=login-button</arg>
<doc>Click the element identified by ``locator``.</doc>
<msg timestamp="20230128 14:25:26.221" level="INFO">Clicking element 'id=login-button'.</msg>
<status status="PASS" starttime="20230128 14:25:26.220" endtime="20230128 14:25:42.657"/>
</kw>
<kw name="Mouse Over" library="SeleniumLibrary">
<arg>xpath=//div[@class='menuLabel px-1 dropdown-toggle oe-dropdown-toggle']</arg>
<doc>Simulates hovering the mouse over the element ``locator``.</doc>
<msg timestamp="20230128 14:25:42.657" level="INFO">Simulating Mouse Over on element 'xpath=//div[@class='menuLabel px-1 dropdown-toggle oe-dropdown-toggle']'.</msg>
<status status="PASS" starttime="20230128 14:25:42.657" endtime="20230128 14:25:42.983"/>
</kw>
<kw name="Click Element" library="SeleniumLibrary">
<arg>xpath=//div[text()='New/Search']</arg>
<doc>Click the element identified by ``locator``.</doc>
<msg timestamp="20230128 14:25:42.983" level="INFO">Clicking element 'xpath=//div[text()='New/Search']'.</msg>
<status status="PASS" starttime="20230128 14:25:42.983" endtime="20230128 14:25:43.112"/>
</kw>
<kw name="Select Frame" library="SeleniumLibrary">
<arg>xpath=//iframe[@name='pat']</arg>
<doc>Sets frame identified by ``locator`` as the current frame.</doc>
<msg timestamp="20230128 14:25:43.122" level="INFO">Selecting frame 'xpath=//iframe[@name='pat']'.</msg>
<status status="PASS" starttime="20230128 14:25:43.121" endtime="20230128 14:25:46.824"/>
</kw>
<kw name="Input Text" library="SeleniumLibrary">
<arg>id=form_fname</arg>
<arg>${form_fname}</arg>
<doc>Types the given ``text`` into the text field identified by ``locator``.</doc>
<msg timestamp="20230128 14:25:46.824" level="INFO">Typing text 'Sai' into text field 'id=form_fname'.</msg>
<status status="PASS" starttime="20230128 14:25:46.824" endtime="20230128 14:25:47.181"/>
</kw>
<kw name="Input Text" library="SeleniumLibrary">
<arg>id=form_mname</arg>
<arg>${form_mname}</arg>
<doc>Types the given ``text`` into the text field identified by ``locator``.</doc>
<msg timestamp="20230128 14:25:47.181" level="INFO">Typing text 'Krishna ' into text field 'id=form_mname'.</msg>
<status status="PASS" starttime="20230128 14:25:47.181" endtime="20230128 14:25:47.406"/>
</kw>
<kw name="Input Text" library="SeleniumLibrary">
<arg>id=form_lname</arg>
<arg>${form_lname}</arg>
<doc>Types the given ``text`` into the text field identified by ``locator``.</doc>
<msg timestamp="20230128 14:25:47.406" level="INFO">Typing text 'Reddy' into text field 'id=form_lname'.</msg>
<status status="PASS" starttime="20230128 14:25:47.406" endtime="20230128 14:25:47.643"/>
</kw>
<kw name="Input Text" library="SeleniumLibrary">
<arg>id=form_suffix</arg>
<arg>${form_suffix}</arg>
<doc>Types the given ``text`` into the text field identified by ``locator``.</doc>
<msg timestamp="20230128 14:25:47.648" level="INFO">Typing text 'Masani' into text field 'id=form_suffix'.</msg>
<status status="PASS" starttime="20230128 14:25:47.643" endtime="20230128 14:25:47.890"/>
</kw>
<kw name="Input Text" library="SeleniumLibrary">
<arg>name=form_DOB</arg>
<arg>${form_DOB}</arg>
<doc>Types the given ``text`` into the text field identified by ``locator``.</doc>
<msg timestamp="20230128 14:25:47.890" level="INFO">Typing text '2004-05-27 00:00:00' into text field 'name=form_DOB'.</msg>
<status status="PASS" starttime="20230128 14:25:47.890" endtime="20230128 14:25:48.159"/>
</kw>
<kw name="Select From List By Label" library="SeleniumLibrary">
<arg>name=form_sex</arg>
<arg>${form_sex}</arg>
<doc>Selects options from selection list ``locator`` by ``labels``.</doc>
<msg timestamp="20230128 14:25:48.159" level="INFO">Selecting options from selection list 'name=form_sex' by label Male.</msg>
<status status="PASS" starttime="20230128 14:25:48.159" endtime="20230128 14:25:48.462"/>
</kw>
<kw name="Click Element" library="SeleniumLibrary">
<arg>id=create</arg>
<doc>Click the element identified by ``locator``.</doc>
<msg timestamp="20230128 14:25:48.465" level="INFO">Clicking element 'id=create'.</msg>
<status status="PASS" starttime="20230128 14:25:48.462" endtime="20230128 14:25:48.848"/>
</kw>
<kw name="Unselect Frame" library="SeleniumLibrary">
<doc>Sets the main frame as the current frame.</doc>
<status status="PASS" starttime="20230128 14:25:48.849" endtime="20230128 14:25:48.856"/>
</kw>
<kw name="Select Frame" library="SeleniumLibrary">
<arg>xpath=//iframe[@id='modalframe']</arg>
<doc>Sets frame identified by ``locator`` as the current frame.</doc>
<msg timestamp="20230128 14:25:48.859" level="INFO">Selecting frame 'xpath=//iframe[@id='modalframe']'.</msg>
<status status="PASS" starttime="20230128 14:25:48.858" endtime="20230128 14:25:50.284"/>
</kw>
<kw name="Click Element" library="SeleniumLibrary">
<arg>xpath=//input[@onclick='dlgclose("srcConfirmSave", false);']</arg>
<doc>Click the element identified by ``locator``.</doc>
<msg timestamp="20230128 14:25:50.284" level="INFO">Clicking element 'xpath=//input[@onclick='dlgclose("srcConfirmSave", false);']'.</msg>
<status status="PASS" starttime="20230128 14:25:50.284" endtime="20230128 14:25:50.412"/>
</kw>
<kw name="Sleep" library="BuiltIn">
<arg>15s</arg>
<doc>Pauses the test executed for the given time.</doc>
<msg timestamp="20230128 14:26:05.415" level="INFO">Slept 15 seconds</msg>
<status status="PASS" starttime="20230128 14:25:50.413" endtime="20230128 14:26:05.415"/>
</kw>
<kw name="Handle Alert" library="SeleniumLibrary">
<var>${alert_text}</var>
<arg>action=ACCEPT</arg>
<doc>Handles the current alert and returns its message.</doc>
<msg timestamp="20230128 14:26:05.415" level="INFO">HANDLE::&lt;class 'NoneType'&gt;::None</msg>
<msg timestamp="20230128 14:26:05.426" level="INFO">${alert_text} = New Due Clinical Reminders  Measurement: Weight Assessment: Tobacco  (See the Clinical Reminders widget for more details)</msg>
<status status="PASS" starttime="20230128 14:26:05.415" endtime="20230128 14:26:05.426"/>
</kw>
<kw name="Log To Console" library="BuiltIn">
<arg>${alert_text}</arg>
<doc>Logs the given message to the console.</doc>
<status status="PASS" starttime="20230128 14:26:05.426" endtime="20230128 14:26:05.426"/>
</kw>
<kw name="Click Element" library="SeleniumLibrary">
<arg>xpath=//div[@class='closeDlgIframe']</arg>
<doc>Click the element identified by ``locator``.</doc>
<msg timestamp="20230128 14:26:05.430" level="INFO">Clicking element 'xpath=//div[@class='closeDlgIframe']'.</msg>
<msg timestamp="20230128 14:26:35.823" level="INFO" html="true">&lt;/td&gt;&lt;/tr&gt;&lt;tr&gt;&lt;td colspan="3"&gt;&lt;a href="selenium-screenshot-13.png"&gt;&lt;img src="selenium-screenshot-13.png" width="800px"&gt;&lt;/a&gt;</msg>
<msg timestamp="20230128 14:26:35.824" level="FAIL">Element with locator 'xpath=//div[@class='closeDlgIframe']' not found.</msg>
<status status="FAIL" starttime="20230128 14:26:05.429" endtime="20230128 14:26:35.824"/>
</kw>
<kw name="Select Frame" library="SeleniumLibrary">
<arg>xpath=//iframe[@name='pat']</arg>
<doc>Sets frame identified by ``locator`` as the current frame.</doc>
<status status="NOT RUN" starttime="20230128 14:26:35.824" endtime="20230128 14:26:35.824"/>
</kw>
<kw name="Element Should Contain" library="SeleniumLibrary">
<arg>xpath=//h2[contains(text(),'Medical Record Dashboard')]</arg>
<arg>${expected_data}</arg>
<doc>Verifies that element ``locator`` contains text ``expected``.</doc>
<status status="NOT RUN" starttime="20230128 14:26:35.824" endtime="20230128 14:26:35.824"/>
</kw>
<status status="FAIL" starttime="20230128 14:25:25.598" endtime="20230128 14:26:35.824"/>
</kw>
<kw name="Close Browser" library="SeleniumLibrary" type="TEARDOWN">
<doc>Closes the current browser.</doc>
<status status="PASS" starttime="20230128 14:26:35.824" endtime="20230128 14:26:38.170"/>
</kw>
<status status="FAIL" starttime="20230128 14:25:09.813" endtime="20230128 14:26:38.170">Element with locator 'xpath=//div[@class='closeDlgIframe']' not found.</status>
</test>
<test id="s1-t3" name="TC1" line="13">
<kw name="Launch Browser and Navigate To Url" library="Common_Functionalities" type="SETUP">
<kw name="Open Browser" library="SeleniumLibrary">
<arg>browser=${BROWSER_NAME}</arg>
<doc>Opens a new browser instance to the optional ``url``.</doc>
<msg timestamp="20230128 14:26:38.171" level="INFO">Opening browser 'chrome' to base url 'None'.</msg>
<status status="PASS" starttime="20230128 14:26:38.171" endtime="20230128 14:26:40.025"/>
</kw>
<kw name="Maximize Browser Window" library="SeleniumLibrary">
<doc>Maximizes current browser window.</doc>
<status status="PASS" starttime="20230128 14:26:40.026" endtime="20230128 14:26:40.164"/>
</kw>
<kw name="Set Selenium Implicit Wait" library="SeleniumLibrary">
<arg>30s</arg>
<doc>Sets the implicit wait value used by Selenium.</doc>
<status status="PASS" starttime="20230128 14:26:40.165" endtime="20230128 14:26:40.171"/>
</kw>
<kw name="Go To" library="SeleniumLibrary">
<arg>url=${URL}</arg>
<doc>Navigates the current browser window to the provided ``url``.</doc>
<msg timestamp="20230128 14:26:40.172" level="INFO">Opening url 'https://demo.openemr.io/b/openemr'</msg>
<status status="PASS" starttime="20230128 14:26:40.172" endtime="20230128 14:26:47.301"/>
</kw>
<status status="PASS" starttime="20230128 14:26:38.171" endtime="20230128 14:26:47.303"/>
</kw>
<kw name="add valid patient tamplate">
<arg>admin</arg>
<arg>pass</arg>
<arg>English (Indian)</arg>
<arg>Sai</arg>
<arg>Kiran</arg>
<arg>Reddy</arg>
<arg>Masani</arg>
<arg>1996-01-31 00:00:00</arg>
<arg>Male</arg>
<arg>Sai Kiran Reddy Masani</arg>
<kw name="Input Text" library="SeleniumLibrary">
<arg>name=authUser</arg>
<arg>${authUser}</arg>
<doc>Types the given ``text`` into the text field identified by ``locator``.</doc>
<msg timestamp="20230128 14:26:47.307" level="INFO">Typing text 'admin' into text field 'name=authUser'.</msg>
<status status="PASS" starttime="20230128 14:26:47.303" endtime="20230128 14:26:47.428"/>
</kw>
<kw name="Input Password" library="SeleniumLibrary">
<arg>name=clearPass</arg>
<arg>${clearPass}</arg>
<doc>Types the given password into the text field identified by ``locator``.</doc>
<msg timestamp="20230128 14:26:47.428" level="INFO">Typing password into text field 'name=clearPass'.</msg>
<msg timestamp="20230128 14:26:47.486" level="INFO">Temporally setting log level to: NONE</msg>
<msg timestamp="20230128 14:26:47.557" level="INFO">Log level changed from NONE to INFO.</msg>
<status status="PASS" starttime="20230128 14:26:47.428" endtime="20230128 14:26:47.557"/>
</kw>
<kw name="Select From List By Label" library="SeleniumLibrary">
<arg>name=languageChoice</arg>
<arg>${languageChoice}</arg>
<doc>Selects options from selection list ``locator`` by ``labels``.</doc>
<msg timestamp="20230128 14:26:47.557" level="INFO">Selecting options from selection list 'name=languageChoice' by label English (Indian).</msg>
<status status="PASS" starttime="20230128 14:26:47.557" endtime="20230128 14:26:47.681"/>
</kw>
<kw name="Click Element" library="SeleniumLibrary">
<arg>id=login-button</arg>
<doc>Click the element identified by ``locator``.</doc>
<msg timestamp="20230128 14:26:47.683" level="INFO">Clicking element 'id=login-button'.</msg>
<status status="PASS" starttime="20230128 14:26:47.681" endtime="20230128 14:26:56.975"/>
</kw>
<kw name="Mouse Over" library="SeleniumLibrary">
<arg>xpath=//div[@class='menuLabel px-1 dropdown-toggle oe-dropdown-toggle']</arg>
<doc>Simulates hovering the mouse over the element ``locator``.</doc>
<msg timestamp="20230128 14:26:56.975" level="INFO">Simulating Mouse Over on element 'xpath=//div[@class='menuLabel px-1 dropdown-toggle oe-dropdown-toggle']'.</msg>
<status status="PASS" starttime="20230128 14:26:56.975" endtime="20230128 14:26:57.280"/>
</kw>
<kw name="Click Element" library="SeleniumLibrary">
<arg>xpath=//div[text()='New/Search']</arg>
<doc>Click the element identified by ``locator``.</doc>
<msg timestamp="20230128 14:26:57.280" level="INFO">Clicking element 'xpath=//div[text()='New/Search']'.</msg>
<status status="PASS" starttime="20230128 14:26:57.280" endtime="20230128 14:26:57.405"/>
</kw>
<kw name="Select Frame" library="SeleniumLibrary">
<arg>xpath=//iframe[@name='pat']</arg>
<doc>Sets frame identified by ``locator`` as the current frame.</doc>
<msg timestamp="20230128 14:26:57.405" level="INFO">Selecting frame 'xpath=//iframe[@name='pat']'.</msg>
<status status="PASS" starttime="20230128 14:26:57.405" endtime="20230128 14:26:59.743"/>
</kw>
<kw name="Input Text" library="SeleniumLibrary">
<arg>id=form_fname</arg>
<arg>${form_fname}</arg>
<doc>Types the given ``text`` into the text field identified by ``locator``.</doc>
<msg timestamp="20230128 14:26:59.745" level="INFO">Typing text 'Sai' into text field 'id=form_fname'.</msg>
<status status="PASS" starttime="20230128 14:26:59.744" endtime="20230128 14:27:00.174"/>
</kw>
<kw name="Input Text" library="SeleniumLibrary">
<arg>id=form_mname</arg>
<arg>${form_mname}</arg>
<doc>Types the given ``text`` into the text field identified by ``locator``.</doc>
<msg timestamp="20230128 14:27:00.176" level="INFO">Typing text 'Kiran' into text field 'id=form_mname'.</msg>
<status status="PASS" starttime="20230128 14:27:00.175" endtime="20230128 14:27:00.387"/>
</kw>
<kw name="Input Text" library="SeleniumLibrary">
<arg>id=form_lname</arg>
<arg>${form_lname}</arg>
<doc>Types the given ``text`` into the text field identified by ``locator``.</doc>
<msg timestamp="20230128 14:27:00.387" level="INFO">Typing text 'Reddy' into text field 'id=form_lname'.</msg>
<status status="PASS" starttime="20230128 14:27:00.387" endtime="20230128 14:27:00.594"/>
</kw>
<kw name="Input Text" library="SeleniumLibrary">
<arg>id=form_suffix</arg>
<arg>${form_suffix}</arg>
<doc>Types the given ``text`` into the text field identified by ``locator``.</doc>
<msg timestamp="20230128 14:27:00.597" level="INFO">Typing text 'Masani' into text field 'id=form_suffix'.</msg>
<status status="PASS" starttime="20230128 14:27:00.597" endtime="20230128 14:27:00.797"/>
</kw>
<kw name="Input Text" library="SeleniumLibrary">
<arg>name=form_DOB</arg>
<arg>${form_DOB}</arg>
<doc>Types the given ``text`` into the text field identified by ``locator``.</doc>
<msg timestamp="20230128 14:27:00.805" level="INFO">Typing text '1996-01-31 00:00:00' into text field 'name=form_DOB'.</msg>
<status status="PASS" starttime="20230128 14:27:00.804" endtime="20230128 14:27:01.049"/>
</kw>
<kw name="Select From List By Label" library="SeleniumLibrary">
<arg>name=form_sex</arg>
<arg>${form_sex}</arg>
<doc>Selects options from selection list ``locator`` by ``labels``.</doc>
<msg timestamp="20230128 14:27:01.049" level="INFO">Selecting options from selection list 'name=form_sex' by label Male.</msg>
<status status="PASS" starttime="20230128 14:27:01.049" endtime="20230128 14:27:01.331"/>
</kw>
<kw name="Click Element" library="SeleniumLibrary">
<arg>id=create</arg>
<doc>Click the element identified by ``locator``.</doc>
<msg timestamp="20230128 14:27:01.336" level="INFO">Clicking element 'id=create'.</msg>
<status status="PASS" starttime="20230128 14:27:01.336" endtime="20230128 14:27:01.741"/>
</kw>
<kw name="Unselect Frame" library="SeleniumLibrary">
<doc>Sets the main frame as the current frame.</doc>
<status status="PASS" starttime="20230128 14:27:01.741" endtime="20230128 14:27:01.752"/>
</kw>
<kw name="Select Frame" library="SeleniumLibrary">
<arg>xpath=//iframe[@id='modalframe']</arg>
<doc>Sets frame identified by ``locator`` as the current frame.</doc>
<msg timestamp="20230128 14:27:01.752" level="INFO">Selecting frame 'xpath=//iframe[@id='modalframe']'.</msg>
<status status="PASS" starttime="20230128 14:27:01.752" endtime="20230128 14:27:03.383"/>
</kw>
<kw name="Click Element" library="SeleniumLibrary">
<arg>xpath=//input[@onclick='dlgclose("srcConfirmSave", false);']</arg>
<doc>Click the element identified by ``locator``.</doc>
<msg timestamp="20230128 14:27:03.385" level="INFO">Clicking element 'xpath=//input[@onclick='dlgclose("srcConfirmSave", false);']'.</msg>
<status status="PASS" starttime="20230128 14:27:03.383" endtime="20230128 14:27:03.562"/>
</kw>
<kw name="Sleep" library="BuiltIn">
<arg>15s</arg>
<doc>Pauses the test executed for the given time.</doc>
<msg timestamp="20230128 14:27:18.562" level="INFO">Slept 15 seconds</msg>
<status status="PASS" starttime="20230128 14:27:03.562" endtime="20230128 14:27:18.563"/>
</kw>
<kw name="Handle Alert" library="SeleniumLibrary">
<var>${alert_text}</var>
<arg>action=ACCEPT</arg>
<doc>Handles the current alert and returns its message.</doc>
<msg timestamp="20230128 14:27:18.564" level="INFO">HANDLE::&lt;class 'NoneType'&gt;::None</msg>
<msg timestamp="20230128 14:27:18.580" level="INFO">${alert_text} = New Due Clinical Reminders  Measurement: Weight Assessment: Tobacco  (See the Clinical Reminders widget for more details)</msg>
<status status="PASS" starttime="20230128 14:27:18.563" endtime="20230128 14:27:18.580"/>
</kw>
<kw name="Log To Console" library="BuiltIn">
<arg>${alert_text}</arg>
<doc>Logs the given message to the console.</doc>
<status status="PASS" starttime="20230128 14:27:18.581" endtime="20230128 14:27:18.582"/>
</kw>
<kw name="Click Element" library="SeleniumLibrary">
<arg>xpath=//div[@class='closeDlgIframe']</arg>
<doc>Click the element identified by ``locator``.</doc>
<msg timestamp="20230128 14:27:18.586" level="INFO">Clicking element 'xpath=//div[@class='closeDlgIframe']'.</msg>
<msg timestamp="20230128 14:27:48.977" level="INFO" html="true">&lt;/td&gt;&lt;/tr&gt;&lt;tr&gt;&lt;td colspan="3"&gt;&lt;a href="selenium-screenshot-14.png"&gt;&lt;img src="selenium-screenshot-14.png" width="800px"&gt;&lt;/a&gt;</msg>
<msg timestamp="20230128 14:27:48.978" level="FAIL">Element with locator 'xpath=//div[@class='closeDlgIframe']' not found.</msg>
<status status="FAIL" starttime="20230128 14:27:18.583" endtime="20230128 14:27:48.980"/>
</kw>
<kw name="Select Frame" library="SeleniumLibrary">
<arg>xpath=//iframe[@name='pat']</arg>
<doc>Sets frame identified by ``locator`` as the current frame.</doc>
<status status="NOT RUN" starttime="20230128 14:27:48.980" endtime="20230128 14:27:48.980"/>
</kw>
<kw name="Element Should Contain" library="SeleniumLibrary">
<arg>xpath=//h2[contains(text(),'Medical Record Dashboard')]</arg>
<arg>${expected_data}</arg>
<doc>Verifies that element ``locator`` contains text ``expected``.</doc>
<status status="NOT RUN" starttime="20230128 14:27:48.980" endtime="20230128 14:27:48.980"/>
</kw>
<status status="FAIL" starttime="20230128 14:26:47.303" endtime="20230128 14:27:48.982"/>
</kw>
<kw name="Close Browser" library="SeleniumLibrary" type="TEARDOWN">
<doc>Closes the current browser.</doc>
<status status="PASS" starttime="20230128 14:27:48.982" endtime="20230128 14:27:51.534"/>
</kw>
<status status="FAIL" starttime="20230128 14:26:38.171" endtime="20230128 14:27:51.534">Element with locator 'xpath=//div[@class='closeDlgIframe']' not found.</status>
</test>
<doc>This file contains test cases for add valid patient</doc>
<status status="FAIL" starttime="20230128 14:23:54.333" endtime="20230128 14:27:51.537"/>
</suite>
<statistics>
<total>
<stat pass="0" fail="3" skip="0">All Tests</stat>
</total>
<tag>
</tag>
<suite>
<stat pass="0" fail="3" skip="0" id="s1" name="Add Patient">Add Patient</stat>
</suite>
</statistics>
<errors>
<msg timestamp="20230128 14:25:09.813" level="WARN">Multiple tests with name 'TC1' executed in suite 'Add Patient'.</msg>
<msg timestamp="20230128 14:26:38.171" level="WARN">Multiple tests with name 'TC1' executed in suite 'Add Patient'.</msg>
</errors>
</robot>
