<?xml version="1.0" encoding="UTF-8"?>
<robot generator="Robot 6.0.2 (Python 3.11.1 on win32)" generated="20230130 09:37:56.056" rpa="false" schemaversion="3">
<suite id="s1" name="Add Patient" source="C:\Users\40032395\OneDrive - LTTS\Caption Project\2__patient_suite\01__add_patient.robot">
<test id="s1-t1" name="TC1" line="13">
<kw name="Launch Browser and Navigate To Url" library="Common_Functionalities" type="SETUP">
<kw name="Open Browser" library="SeleniumLibrary">
<arg>browser=${BROWSER_NAME}</arg>
<doc>Opens a new browser instance to the optional ``url``.</doc>
<msg timestamp="20230130 09:37:57.844" level="INFO">Opening browser 'chrome' to base url 'None'.</msg>
<status status="PASS" starttime="20230130 09:37:57.842" endtime="20230130 09:37:59.763"/>
</kw>
<kw name="Maximize Browser Window" library="SeleniumLibrary">
<doc>Maximizes current browser window.</doc>
<status status="PASS" starttime="20230130 09:37:59.763" endtime="20230130 09:37:59.953"/>
</kw>
<kw name="Set Selenium Implicit Wait" library="SeleniumLibrary">
<arg>30s</arg>
<doc>Sets the implicit wait value used by Selenium.</doc>
<status status="PASS" starttime="20230130 09:37:59.955" endtime="20230130 09:37:59.959"/>
</kw>
<kw name="Go To" library="SeleniumLibrary">
<arg>url=${URL}</arg>
<doc>Navigates the current browser window to the provided ``url``.</doc>
<msg timestamp="20230130 09:37:59.962" level="INFO">Opening url 'https://demo.openemr.io/b/openemr'</msg>
<status status="PASS" starttime="20230130 09:37:59.960" endtime="20230130 09:38:06.667"/>
</kw>
<status status="PASS" starttime="20230130 09:37:57.841" endtime="20230130 09:38:06.668"/>
</kw>
<kw name="add valid patient tamplate">
<arg>admin</arg>
<arg>pass</arg>
<arg>English (Indian)</arg>
<arg>Sai</arg>
<arg>Bhargav</arg>
<arg>Reddy</arg>
<arg>Masani</arg>
<arg>2001-05-29 00:00:00</arg>
<arg>Male</arg>
<arg>Sai Bhargav Reddy Masani</arg>
<kw name="Input Text" library="SeleniumLibrary">
<arg>name=authUser</arg>
<arg>${authUser}</arg>
<doc>Types the given ``text`` into the text field identified by ``locator``.</doc>
<msg timestamp="20230130 09:38:06.672" level="INFO">Typing text 'admin' into text field 'name=authUser'.</msg>
<status status="PASS" starttime="20230130 09:38:06.670" endtime="20230130 09:38:06.950"/>
</kw>
<kw name="Input Password" library="SeleniumLibrary">
<arg>name=clearPass</arg>
<arg>${clearPass}</arg>
<doc>Types the given password into the text field identified by ``locator``.</doc>
<msg timestamp="20230130 09:38:06.952" level="INFO">Typing password into text field 'name=clearPass'.</msg>
<msg timestamp="20230130 09:38:07.019" level="INFO">Temporally setting log level to: NONE</msg>
<msg timestamp="20230130 09:38:07.085" level="INFO">Log level changed from NONE to INFO.</msg>
<status status="PASS" starttime="20230130 09:38:06.950" endtime="20230130 09:38:07.086"/>
</kw>
<kw name="Select From List By Label" library="SeleniumLibrary">
<arg>name=languageChoice</arg>
<arg>${languageChoice}</arg>
<doc>Selects options from selection list ``locator`` by ``labels``.</doc>
<msg timestamp="20230130 09:38:07.089" level="INFO">Selecting options from selection list 'name=languageChoice' by label English (Indian).</msg>
<status status="PASS" starttime="20230130 09:38:07.087" endtime="20230130 09:38:07.214"/>
</kw>
<kw name="Click Element" library="SeleniumLibrary">
<arg>id=login-button</arg>
<doc>Click the element identified by ``locator``.</doc>
<msg timestamp="20230130 09:38:07.215" level="INFO">Clicking element 'id=login-button'.</msg>
<status status="PASS" starttime="20230130 09:38:07.214" endtime="20230130 09:38:12.973"/>
</kw>
<kw name="Mouse Over" library="SeleniumLibrary">
<arg>xpath=//div[@class='menuLabel px-1 dropdown-toggle oe-dropdown-toggle']</arg>
<doc>Simulates hovering the mouse over the element ``locator``.</doc>
<msg timestamp="20230130 09:38:12.974" level="INFO">Simulating Mouse Over on element 'xpath=//div[@class='menuLabel px-1 dropdown-toggle oe-dropdown-toggle']'.</msg>
<status status="PASS" starttime="20230130 09:38:12.973" endtime="20230130 09:38:13.282"/>
</kw>
<kw name="Click Element" library="SeleniumLibrary">
<arg>xpath=//div[text()='New/Search']</arg>
<doc>Click the element identified by ``locator``.</doc>
<msg timestamp="20230130 09:38:13.283" level="INFO">Clicking element 'xpath=//div[text()='New/Search']'.</msg>
<status status="PASS" starttime="20230130 09:38:13.283" endtime="20230130 09:38:13.367"/>
</kw>
<kw name="Select Frame" library="SeleniumLibrary">
<arg>xpath=//iframe[@name='pat']</arg>
<doc>Sets frame identified by ``locator`` as the current frame.</doc>
<msg timestamp="20230130 09:38:13.368" level="INFO">Selecting frame 'xpath=//iframe[@name='pat']'.</msg>
<status status="PASS" starttime="20230130 09:38:13.367" endtime="20230130 09:38:14.734"/>
</kw>
<kw name="Input Text" library="SeleniumLibrary">
<arg>id=form_fname</arg>
<arg>${form_fname}</arg>
<doc>Types the given ``text`` into the text field identified by ``locator``.</doc>
<msg timestamp="20230130 09:38:14.736" level="INFO">Typing text 'Sai' into text field 'id=form_fname'.</msg>
<status status="PASS" starttime="20230130 09:38:14.735" endtime="20230130 09:38:15.016"/>
</kw>
<kw name="Input Text" library="SeleniumLibrary">
<arg>id=form_mname</arg>
<arg>${form_mname}</arg>
<doc>Types the given ``text`` into the text field identified by ``locator``.</doc>
<msg timestamp="20230130 09:38:15.018" level="INFO">Typing text 'Bhargav' into text field 'id=form_mname'.</msg>
<status status="PASS" starttime="20230130 09:38:15.017" endtime="20230130 09:38:15.163"/>
</kw>
<kw name="Input Text" library="SeleniumLibrary">
<arg>id=form_lname</arg>
<arg>${form_lname}</arg>
<doc>Types the given ``text`` into the text field identified by ``locator``.</doc>
<msg timestamp="20230130 09:38:15.165" level="INFO">Typing text 'Reddy' into text field 'id=form_lname'.</msg>
<status status="PASS" starttime="20230130 09:38:15.163" endtime="20230130 09:38:15.306"/>
</kw>
<kw name="Input Text" library="SeleniumLibrary">
<arg>id=form_suffix</arg>
<arg>${form_suffix}</arg>
<doc>Types the given ``text`` into the text field identified by ``locator``.</doc>
<msg timestamp="20230130 09:38:15.308" level="INFO">Typing text 'Masani' into text field 'id=form_suffix'.</msg>
<status status="PASS" starttime="20230130 09:38:15.307" endtime="20230130 09:38:15.448"/>
</kw>
<kw name="Input Text" library="SeleniumLibrary">
<arg>name=form_DOB</arg>
<arg>${form_DOB}</arg>
<doc>Types the given ``text`` into the text field identified by ``locator``.</doc>
<msg timestamp="20230130 09:38:15.450" level="INFO">Typing text '2001-05-29 00:00:00' into text field 'name=form_DOB'.</msg>
<status status="PASS" starttime="20230130 09:38:15.449" endtime="20230130 09:38:15.633"/>
</kw>
<kw name="Select From List By Label" library="SeleniumLibrary">
<arg>name=form_sex</arg>
<arg>${form_sex}</arg>
<doc>Selects options from selection list ``locator`` by ``labels``.</doc>
<msg timestamp="20230130 09:38:15.634" level="INFO">Selecting options from selection list 'name=form_sex' by label Male.</msg>
<status status="PASS" starttime="20230130 09:38:15.634" endtime="20230130 09:38:15.833"/>
</kw>
<kw name="Click Element" library="SeleniumLibrary">
<arg>id=create</arg>
<doc>Click the element identified by ``locator``.</doc>
<msg timestamp="20230130 09:38:15.835" level="INFO">Clicking element 'id=create'.</msg>
<status status="PASS" starttime="20230130 09:38:15.834" endtime="20230130 09:38:16.062"/>
</kw>
<kw name="Unselect Frame" library="SeleniumLibrary">
<doc>Sets the main frame as the current frame.</doc>
<status status="PASS" starttime="20230130 09:38:16.063" endtime="20230130 09:38:16.066"/>
</kw>
<kw name="Select Frame" library="SeleniumLibrary">
<arg>xpath=//iframe[@id='modalframe']</arg>
<doc>Sets frame identified by ``locator`` as the current frame.</doc>
<msg timestamp="20230130 09:38:16.067" level="INFO">Selecting frame 'xpath=//iframe[@id='modalframe']'.</msg>
<status status="PASS" starttime="20230130 09:38:16.066" endtime="20230130 09:38:16.613"/>
</kw>
<kw name="Click Element" library="SeleniumLibrary">
<arg>xpath=//input[@onclick='dlgclose("srcConfirmSave", false);']</arg>
<doc>Click the element identified by ``locator``.</doc>
<msg timestamp="20230130 09:38:16.615" level="INFO">Clicking element 'xpath=//input[@onclick='dlgclose("srcConfirmSave", false);']'.</msg>
<status status="PASS" starttime="20230130 09:38:16.614" endtime="20230130 09:38:16.730"/>
</kw>
<kw name="Sleep" library="BuiltIn">
<arg>15s</arg>
<doc>Pauses the test executed for the given time.</doc>
<msg timestamp="20230130 09:38:31.733" level="INFO">Slept 15 seconds</msg>
<status status="PASS" starttime="20230130 09:38:16.732" endtime="20230130 09:38:31.733"/>
</kw>
<kw name="Handle Alert" library="SeleniumLibrary">
<var>${alert_text}</var>
<arg>action=ACCEPT</arg>
<doc>Handles the current alert and returns its message.</doc>
<msg timestamp="20230130 09:38:31.735" level="INFO">HANDLE::&lt;class 'NoneType'&gt;::None</msg>
<msg timestamp="20230130 09:38:31.743" level="INFO">${alert_text} = New Due Clinical Reminders  Measurement: Weight Assessment: Tobacco  (See the Clinical Reminders widget for more details)</msg>
<status status="PASS" starttime="20230130 09:38:31.734" endtime="20230130 09:38:31.744"/>
</kw>
<kw name="Log To Console" library="BuiltIn">
<arg>${alert_text}</arg>
<doc>Logs the given message to the console.</doc>
<status status="PASS" starttime="20230130 09:38:31.744" endtime="20230130 09:38:31.746"/>
</kw>
<kw name="Select Frame" library="SeleniumLibrary">
<arg>xpath=//iframe[@name='pat']</arg>
<doc>Sets frame identified by ``locator`` as the current frame.</doc>
<msg timestamp="20230130 09:38:31.748" level="INFO">Selecting frame 'xpath=//iframe[@name='pat']'.</msg>
<status status="PASS" starttime="20230130 09:38:31.746" endtime="20230130 09:38:31.810"/>
</kw>
<kw name="Element Should Contain" library="SeleniumLibrary">
<arg>xpath=//h2[contains(text(),'Medical Record Dashboard')]</arg>
<arg>${expected_data}</arg>
<doc>Verifies that element ``locator`` contains text ``expected``.</doc>
<msg timestamp="20230130 09:38:31.856" level="INFO">Element 'xpath=//h2[contains(text(),'Medical Record Dashboard')]' contains text 'Sai Bhargav Reddy Masani'.</msg>
<status status="PASS" starttime="20230130 09:38:31.810" endtime="20230130 09:38:31.856"/>
</kw>
<status status="PASS" starttime="20230130 09:38:06.669" endtime="20230130 09:38:31.856"/>
</kw>
<kw name="Close Browser" library="SeleniumLibrary" type="TEARDOWN">
<doc>Closes the current browser.</doc>
<status status="PASS" starttime="20230130 09:38:31.856" endtime="20230130 09:38:34.228"/>
</kw>
<status status="PASS" starttime="20230130 09:37:57.840" endtime="20230130 09:38:34.228"/>
</test>
<test id="s1-t2" name="TC1" line="13">
<kw name="Launch Browser and Navigate To Url" library="Common_Functionalities" type="SETUP">
<kw name="Open Browser" library="SeleniumLibrary">
<arg>browser=${BROWSER_NAME}</arg>
<doc>Opens a new browser instance to the optional ``url``.</doc>
<msg timestamp="20230130 09:38:34.231" level="INFO">Opening browser 'chrome' to base url 'None'.</msg>
<status status="PASS" starttime="20230130 09:38:34.230" endtime="20230130 09:38:35.927"/>
</kw>
<kw name="Maximize Browser Window" library="SeleniumLibrary">
<doc>Maximizes current browser window.</doc>
<status status="PASS" starttime="20230130 09:38:35.927" endtime="20230130 09:38:36.066"/>
</kw>
<kw name="Set Selenium Implicit Wait" library="SeleniumLibrary">
<arg>30s</arg>
<doc>Sets the implicit wait value used by Selenium.</doc>
<status status="PASS" starttime="20230130 09:38:36.066" endtime="20230130 09:38:36.070"/>
</kw>
<kw name="Go To" library="SeleniumLibrary">
<arg>url=${URL}</arg>
<doc>Navigates the current browser window to the provided ``url``.</doc>
<msg timestamp="20230130 09:38:36.071" level="INFO">Opening url 'https://demo.openemr.io/b/openemr'</msg>
<status status="PASS" starttime="20230130 09:38:36.070" endtime="20230130 09:38:43.875"/>
</kw>
<status status="PASS" starttime="20230130 09:38:34.230" endtime="20230130 09:38:43.875"/>
</kw>
<kw name="add valid patient tamplate">
<arg>admin</arg>
<arg>pass</arg>
<arg>English (Indian)</arg>
<arg>Sai</arg>
<arg>Krishna </arg>
<arg>Reddy</arg>
<arg>Masani</arg>
<arg>2004-05-27 00:00:00</arg>
<arg>Male</arg>
<arg>Sai Krishna Reddy Masani</arg>
<kw name="Input Text" library="SeleniumLibrary">
<arg>name=authUser</arg>
<arg>${authUser}</arg>
<doc>Types the given ``text`` into the text field identified by ``locator``.</doc>
<msg timestamp="20230130 09:38:43.877" level="INFO">Typing text 'admin' into text field 'name=authUser'.</msg>
<status status="PASS" starttime="20230130 09:38:43.877" endtime="20230130 09:38:43.975"/>
</kw>
<kw name="Input Password" library="SeleniumLibrary">
<arg>name=clearPass</arg>
<arg>${clearPass}</arg>
<doc>Types the given password into the text field identified by ``locator``.</doc>
<msg timestamp="20230130 09:38:43.976" level="INFO">Typing password into text field 'name=clearPass'.</msg>
<msg timestamp="20230130 09:38:44.025" level="INFO">Temporally setting log level to: NONE</msg>
<msg timestamp="20230130 09:38:44.073" level="INFO">Log level changed from NONE to INFO.</msg>
<status status="PASS" starttime="20230130 09:38:43.976" endtime="20230130 09:38:44.073"/>
</kw>
<kw name="Select From List By Label" library="SeleniumLibrary">
<arg>name=languageChoice</arg>
<arg>${languageChoice}</arg>
<doc>Selects options from selection list ``locator`` by ``labels``.</doc>
<msg timestamp="20230130 09:38:44.074" level="INFO">Selecting options from selection list 'name=languageChoice' by label English (Indian).</msg>
<status status="PASS" starttime="20230130 09:38:44.073" endtime="20230130 09:38:44.177"/>
</kw>
<kw name="Click Element" library="SeleniumLibrary">
<arg>id=login-button</arg>
<doc>Click the element identified by ``locator``.</doc>
<msg timestamp="20230130 09:38:44.180" level="INFO">Clicking element 'id=login-button'.</msg>
<status status="PASS" starttime="20230130 09:38:44.178" endtime="20230130 09:38:49.344"/>
</kw>
<kw name="Mouse Over" library="SeleniumLibrary">
<arg>xpath=//div[@class='menuLabel px-1 dropdown-toggle oe-dropdown-toggle']</arg>
<doc>Simulates hovering the mouse over the element ``locator``.</doc>
<msg timestamp="20230130 09:38:49.346" level="INFO">Simulating Mouse Over on element 'xpath=//div[@class='menuLabel px-1 dropdown-toggle oe-dropdown-toggle']'.</msg>
<status status="PASS" starttime="20230130 09:38:49.345" endtime="20230130 09:38:49.647"/>
</kw>
<kw name="Click Element" library="SeleniumLibrary">
<arg>xpath=//div[text()='New/Search']</arg>
<doc>Click the element identified by ``locator``.</doc>
<msg timestamp="20230130 09:38:49.649" level="INFO">Clicking element 'xpath=//div[text()='New/Search']'.</msg>
<status status="PASS" starttime="20230130 09:38:49.648" endtime="20230130 09:38:49.729"/>
</kw>
<kw name="Select Frame" library="SeleniumLibrary">
<arg>xpath=//iframe[@name='pat']</arg>
<doc>Sets frame identified by ``locator`` as the current frame.</doc>
<msg timestamp="20230130 09:38:49.731" level="INFO">Selecting frame 'xpath=//iframe[@name='pat']'.</msg>
<status status="PASS" starttime="20230130 09:38:49.730" endtime="20230130 09:38:51.029"/>
</kw>
<kw name="Input Text" library="SeleniumLibrary">
<arg>id=form_fname</arg>
<arg>${form_fname}</arg>
<doc>Types the given ``text`` into the text field identified by ``locator``.</doc>
<msg timestamp="20230130 09:38:51.030" level="INFO">Typing text 'Sai' into text field 'id=form_fname'.</msg>
<status status="PASS" starttime="20230130 09:38:51.029" endtime="20230130 09:38:51.267"/>
</kw>
<kw name="Input Text" library="SeleniumLibrary">
<arg>id=form_mname</arg>
<arg>${form_mname}</arg>
<doc>Types the given ``text`` into the text field identified by ``locator``.</doc>
<msg timestamp="20230130 09:38:51.269" level="INFO">Typing text 'Krishna ' into text field 'id=form_mname'.</msg>
<status status="PASS" starttime="20230130 09:38:51.268" endtime="20230130 09:38:51.491"/>
</kw>
<kw name="Input Text" library="SeleniumLibrary">
<arg>id=form_lname</arg>
<arg>${form_lname}</arg>
<doc>Types the given ``text`` into the text field identified by ``locator``.</doc>
<msg timestamp="20230130 09:38:51.493" level="INFO">Typing text 'Reddy' into text field 'id=form_lname'.</msg>
<status status="PASS" starttime="20230130 09:38:51.492" endtime="20230130 09:38:51.646"/>
</kw>
<kw name="Input Text" library="SeleniumLibrary">
<arg>id=form_suffix</arg>
<arg>${form_suffix}</arg>
<doc>Types the given ``text`` into the text field identified by ``locator``.</doc>
<msg timestamp="20230130 09:38:51.647" level="INFO">Typing text 'Masani' into text field 'id=form_suffix'.</msg>
<status status="PASS" starttime="20230130 09:38:51.646" endtime="20230130 09:38:51.797"/>
</kw>
<kw name="Input Text" library="SeleniumLibrary">
<arg>name=form_DOB</arg>
<arg>${form_DOB}</arg>
<doc>Types the given ``text`` into the text field identified by ``locator``.</doc>
<msg timestamp="20230130 09:38:51.799" level="INFO">Typing text '2004-05-27 00:00:00' into text field 'name=form_DOB'.</msg>
<status status="PASS" starttime="20230130 09:38:51.798" endtime="20230130 09:38:51.985"/>
</kw>
<kw name="Select From List By Label" library="SeleniumLibrary">
<arg>name=form_sex</arg>
<arg>${form_sex}</arg>
<doc>Selects options from selection list ``locator`` by ``labels``.</doc>
<msg timestamp="20230130 09:38:51.985" level="INFO">Selecting options from selection list 'name=form_sex' by label Male.</msg>
<status status="PASS" starttime="20230130 09:38:51.985" endtime="20230130 09:38:52.184"/>
</kw>
<kw name="Click Element" library="SeleniumLibrary">
<arg>id=create</arg>
<doc>Click the element identified by ``locator``.</doc>
<msg timestamp="20230130 09:38:52.185" level="INFO">Clicking element 'id=create'.</msg>
<status status="PASS" starttime="20230130 09:38:52.185" endtime="20230130 09:38:52.364"/>
</kw>
<kw name="Unselect Frame" library="SeleniumLibrary">
<doc>Sets the main frame as the current frame.</doc>
<status status="PASS" starttime="20230130 09:38:52.365" endtime="20230130 09:38:52.370"/>
</kw>
<kw name="Select Frame" library="SeleniumLibrary">
<arg>xpath=//iframe[@id='modalframe']</arg>
<doc>Sets frame identified by ``locator`` as the current frame.</doc>
<msg timestamp="20230130 09:38:52.371" level="INFO">Selecting frame 'xpath=//iframe[@id='modalframe']'.</msg>
<status status="PASS" starttime="20230130 09:38:52.370" endtime="20230130 09:38:52.889"/>
</kw>
<kw name="Click Element" library="SeleniumLibrary">
<arg>xpath=//input[@onclick='dlgclose("srcConfirmSave", false);']</arg>
<doc>Click the element identified by ``locator``.</doc>
<msg timestamp="20230130 09:38:52.890" level="INFO">Clicking element 'xpath=//input[@onclick='dlgclose("srcConfirmSave", false);']'.</msg>
<status status="PASS" starttime="20230130 09:38:52.889" endtime="20230130 09:38:52.999"/>
</kw>
<kw name="Sleep" library="BuiltIn">
<arg>15s</arg>
<doc>Pauses the test executed for the given time.</doc>
<msg timestamp="20230130 09:39:08.001" level="INFO">Slept 15 seconds</msg>
<status status="PASS" starttime="20230130 09:38:53.000" endtime="20230130 09:39:08.001"/>
</kw>
<kw name="Handle Alert" library="SeleniumLibrary">
<var>${alert_text}</var>
<arg>action=ACCEPT</arg>
<doc>Handles the current alert and returns its message.</doc>
<msg timestamp="20230130 09:39:08.002" level="INFO">HANDLE::&lt;class 'NoneType'&gt;::None</msg>
<msg timestamp="20230130 09:39:08.009" level="INFO">${alert_text} = New Due Clinical Reminders  Measurement: Weight Assessment: Tobacco  (See the Clinical Reminders widget for more details)</msg>
<status status="PASS" starttime="20230130 09:39:08.002" endtime="20230130 09:39:08.009"/>
</kw>
<kw name="Log To Console" library="BuiltIn">
<arg>${alert_text}</arg>
<doc>Logs the given message to the console.</doc>
<status status="PASS" starttime="20230130 09:39:08.009" endtime="20230130 09:39:08.011"/>
</kw>
<kw name="Select Frame" library="SeleniumLibrary">
<arg>xpath=//iframe[@name='pat']</arg>
<doc>Sets frame identified by ``locator`` as the current frame.</doc>
<msg timestamp="20230130 09:39:08.014" level="INFO">Selecting frame 'xpath=//iframe[@name='pat']'.</msg>
<status status="PASS" starttime="20230130 09:39:08.011" endtime="20230130 09:39:08.071"/>
</kw>
<kw name="Element Should Contain" library="SeleniumLibrary">
<arg>xpath=//h2[contains(text(),'Medical Record Dashboard')]</arg>
<arg>${expected_data}</arg>
<doc>Verifies that element ``locator`` contains text ``expected``.</doc>
<msg timestamp="20230130 09:39:08.117" level="INFO">Element 'xpath=//h2[contains(text(),'Medical Record Dashboard')]' contains text 'Sai Krishna Reddy Masani'.</msg>
<status status="PASS" starttime="20230130 09:39:08.072" endtime="20230130 09:39:08.117"/>
</kw>
<status status="PASS" starttime="20230130 09:38:43.876" endtime="20230130 09:39:08.118"/>
</kw>
<kw name="Close Browser" library="SeleniumLibrary" type="TEARDOWN">
<doc>Closes the current browser.</doc>
<status status="PASS" starttime="20230130 09:39:08.119" endtime="20230130 09:39:10.449"/>
</kw>
<status status="PASS" starttime="20230130 09:38:34.229" endtime="20230130 09:39:10.449"/>
</test>
<test id="s1-t3" name="TC1" line="13">
<kw name="Launch Browser and Navigate To Url" library="Common_Functionalities" type="SETUP">
<kw name="Open Browser" library="SeleniumLibrary">
<arg>browser=${BROWSER_NAME}</arg>
<doc>Opens a new browser instance to the optional ``url``.</doc>
<msg timestamp="20230130 09:39:10.453" level="INFO">Opening browser 'chrome' to base url 'None'.</msg>
<status status="PASS" starttime="20230130 09:39:10.451" endtime="20230130 09:39:12.156"/>
</kw>
<kw name="Maximize Browser Window" library="SeleniumLibrary">
<doc>Maximizes current browser window.</doc>
<status status="PASS" starttime="20230130 09:39:12.157" endtime="20230130 09:39:12.283"/>
</kw>
<kw name="Set Selenium Implicit Wait" library="SeleniumLibrary">
<arg>30s</arg>
<doc>Sets the implicit wait value used by Selenium.</doc>
<status status="PASS" starttime="20230130 09:39:12.284" endtime="20230130 09:39:12.315"/>
</kw>
<kw name="Go To" library="SeleniumLibrary">
<arg>url=${URL}</arg>
<doc>Navigates the current browser window to the provided ``url``.</doc>
<msg timestamp="20230130 09:39:12.317" level="INFO">Opening url 'https://demo.openemr.io/b/openemr'</msg>
<status status="PASS" starttime="20230130 09:39:12.315" endtime="20230130 09:39:19.909"/>
</kw>
<status status="PASS" starttime="20230130 09:39:10.451" endtime="20230130 09:39:19.909"/>
</kw>
<kw name="add valid patient tamplate">
<arg>admin</arg>
<arg>pass</arg>
<arg>English (Indian)</arg>
<arg>Sai</arg>
<arg>Kiran</arg>
<arg>Reddy</arg>
<arg>Masani</arg>
<arg>1996-01-31 00:00:00</arg>
<arg>Male</arg>
<arg>Sai Kiran Reddy Masani</arg>
<kw name="Input Text" library="SeleniumLibrary">
<arg>name=authUser</arg>
<arg>${authUser}</arg>
<doc>Types the given ``text`` into the text field identified by ``locator``.</doc>
<msg timestamp="20230130 09:39:19.913" level="INFO">Typing text 'admin' into text field 'name=authUser'.</msg>
<status status="PASS" starttime="20230130 09:39:19.911" endtime="20230130 09:39:20.010"/>
</kw>
<kw name="Input Password" library="SeleniumLibrary">
<arg>name=clearPass</arg>
<arg>${clearPass}</arg>
<doc>Types the given password into the text field identified by ``locator``.</doc>
<msg timestamp="20230130 09:39:20.011" level="INFO">Typing password into text field 'name=clearPass'.</msg>
<msg timestamp="20230130 09:39:20.062" level="INFO">Temporally setting log level to: NONE</msg>
<msg timestamp="20230130 09:39:20.117" level="INFO">Log level changed from NONE to INFO.</msg>
<status status="PASS" starttime="20230130 09:39:20.011" endtime="20230130 09:39:20.117"/>
</kw>
<kw name="Select From List By Label" library="SeleniumLibrary">
<arg>name=languageChoice</arg>
<arg>${languageChoice}</arg>
<doc>Selects options from selection list ``locator`` by ``labels``.</doc>
<msg timestamp="20230130 09:39:20.120" level="INFO">Selecting options from selection list 'name=languageChoice' by label English (Indian).</msg>
<status status="PASS" starttime="20230130 09:39:20.119" endtime="20230130 09:39:20.228"/>
</kw>
<kw name="Click Element" library="SeleniumLibrary">
<arg>id=login-button</arg>
<doc>Click the element identified by ``locator``.</doc>
<msg timestamp="20230130 09:39:20.229" level="INFO">Clicking element 'id=login-button'.</msg>
<status status="PASS" starttime="20230130 09:39:20.229" endtime="20230130 09:39:25.470"/>
</kw>
<kw name="Mouse Over" library="SeleniumLibrary">
<arg>xpath=//div[@class='menuLabel px-1 dropdown-toggle oe-dropdown-toggle']</arg>
<doc>Simulates hovering the mouse over the element ``locator``.</doc>
<msg timestamp="20230130 09:39:25.471" level="INFO">Simulating Mouse Over on element 'xpath=//div[@class='menuLabel px-1 dropdown-toggle oe-dropdown-toggle']'.</msg>
<status status="PASS" starttime="20230130 09:39:25.470" endtime="20230130 09:39:25.776"/>
</kw>
<kw name="Click Element" library="SeleniumLibrary">
<arg>xpath=//div[text()='New/Search']</arg>
<doc>Click the element identified by ``locator``.</doc>
<msg timestamp="20230130 09:39:25.778" level="INFO">Clicking element 'xpath=//div[text()='New/Search']'.</msg>
<status status="PASS" starttime="20230130 09:39:25.777" endtime="20230130 09:39:25.855"/>
</kw>
<kw name="Select Frame" library="SeleniumLibrary">
<arg>xpath=//iframe[@name='pat']</arg>
<doc>Sets frame identified by ``locator`` as the current frame.</doc>
<msg timestamp="20230130 09:39:25.856" level="INFO">Selecting frame 'xpath=//iframe[@name='pat']'.</msg>
<status status="PASS" starttime="20230130 09:39:25.856" endtime="20230130 09:39:27.171"/>
</kw>
<kw name="Input Text" library="SeleniumLibrary">
<arg>id=form_fname</arg>
<arg>${form_fname}</arg>
<doc>Types the given ``text`` into the text field identified by ``locator``.</doc>
<msg timestamp="20230130 09:39:27.172" level="INFO">Typing text 'Sai' into text field 'id=form_fname'.</msg>
<status status="PASS" starttime="20230130 09:39:27.171" endtime="20230130 09:39:27.411"/>
</kw>
<kw name="Input Text" library="SeleniumLibrary">
<arg>id=form_mname</arg>
<arg>${form_mname}</arg>
<doc>Types the given ``text`` into the text field identified by ``locator``.</doc>
<msg timestamp="20230130 09:39:27.413" level="INFO">Typing text 'Kiran' into text field 'id=form_mname'.</msg>
<status status="PASS" starttime="20230130 09:39:27.411" endtime="20230130 09:39:27.630"/>
</kw>
<kw name="Input Text" library="SeleniumLibrary">
<arg>id=form_lname</arg>
<arg>${form_lname}</arg>
<doc>Types the given ``text`` into the text field identified by ``locator``.</doc>
<msg timestamp="20230130 09:39:27.632" level="INFO">Typing text 'Reddy' into text field 'id=form_lname'.</msg>
<status status="PASS" starttime="20230130 09:39:27.631" endtime="20230130 09:39:27.770"/>
</kw>
<kw name="Input Text" library="SeleniumLibrary">
<arg>id=form_suffix</arg>
<arg>${form_suffix}</arg>
<doc>Types the given ``text`` into the text field identified by ``locator``.</doc>
<msg timestamp="20230130 09:39:27.772" level="INFO">Typing text 'Masani' into text field 'id=form_suffix'.</msg>
<status status="PASS" starttime="20230130 09:39:27.771" endtime="20230130 09:39:27.913"/>
</kw>
<kw name="Input Text" library="SeleniumLibrary">
<arg>name=form_DOB</arg>
<arg>${form_DOB}</arg>
<doc>Types the given ``text`` into the text field identified by ``locator``.</doc>
<msg timestamp="20230130 09:39:27.915" level="INFO">Typing text '1996-01-31 00:00:00' into text field 'name=form_DOB'.</msg>
<status status="PASS" starttime="20230130 09:39:27.913" endtime="20230130 09:39:28.088"/>
</kw>
<kw name="Select From List By Label" library="SeleniumLibrary">
<arg>name=form_sex</arg>
<arg>${form_sex}</arg>
<doc>Selects options from selection list ``locator`` by ``labels``.</doc>
<msg timestamp="20230130 09:39:28.089" level="INFO">Selecting options from selection list 'name=form_sex' by label Male.</msg>
<status status="PASS" starttime="20230130 09:39:28.088" endtime="20230130 09:39:28.306"/>
</kw>
<kw name="Click Element" library="SeleniumLibrary">
<arg>id=create</arg>
<doc>Click the element identified by ``locator``.</doc>
<msg timestamp="20230130 09:39:28.309" level="INFO">Clicking element 'id=create'.</msg>
<status status="PASS" starttime="20230130 09:39:28.307" endtime="20230130 09:39:28.528"/>
</kw>
<kw name="Unselect Frame" library="SeleniumLibrary">
<doc>Sets the main frame as the current frame.</doc>
<status status="PASS" starttime="20230130 09:39:28.529" endtime="20230130 09:39:28.533"/>
</kw>
<kw name="Select Frame" library="SeleniumLibrary">
<arg>xpath=//iframe[@id='modalframe']</arg>
<doc>Sets frame identified by ``locator`` as the current frame.</doc>
<msg timestamp="20230130 09:39:28.534" level="INFO">Selecting frame 'xpath=//iframe[@id='modalframe']'.</msg>
<status status="PASS" starttime="20230130 09:39:28.533" endtime="20230130 09:39:29.048"/>
</kw>
<kw name="Click Element" library="SeleniumLibrary">
<arg>xpath=//input[@onclick='dlgclose("srcConfirmSave", false);']</arg>
<doc>Click the element identified by ``locator``.</doc>
<msg timestamp="20230130 09:39:29.049" level="INFO">Clicking element 'xpath=//input[@onclick='dlgclose("srcConfirmSave", false);']'.</msg>
<status status="PASS" starttime="20230130 09:39:29.048" endtime="20230130 09:39:29.164"/>
</kw>
<kw name="Sleep" library="BuiltIn">
<arg>15s</arg>
<doc>Pauses the test executed for the given time.</doc>
<msg timestamp="20230130 09:39:44.166" level="INFO">Slept 15 seconds</msg>
<status status="PASS" starttime="20230130 09:39:29.164" endtime="20230130 09:39:44.167"/>
</kw>
<kw name="Handle Alert" library="SeleniumLibrary">
<var>${alert_text}</var>
<arg>action=ACCEPT</arg>
<doc>Handles the current alert and returns its message.</doc>
<msg timestamp="20230130 09:39:44.168" level="INFO">HANDLE::&lt;class 'NoneType'&gt;::None</msg>
<msg timestamp="20230130 09:39:44.175" level="INFO">${alert_text} = New Due Clinical Reminders  Measurement: Weight Assessment: Tobacco  (See the Clinical Reminders widget for more details)</msg>
<status status="PASS" starttime="20230130 09:39:44.167" endtime="20230130 09:39:44.175"/>
</kw>
<kw name="Log To Console" library="BuiltIn">
<arg>${alert_text}</arg>
<doc>Logs the given message to the console.</doc>
<status status="PASS" starttime="20230130 09:39:44.175" endtime="20230130 09:39:44.176"/>
</kw>
<kw name="Select Frame" library="SeleniumLibrary">
<arg>xpath=//iframe[@name='pat']</arg>
<doc>Sets frame identified by ``locator`` as the current frame.</doc>
<msg timestamp="20230130 09:39:44.178" level="INFO">Selecting frame 'xpath=//iframe[@name='pat']'.</msg>
<status status="PASS" starttime="20230130 09:39:44.177" endtime="20230130 09:39:44.293"/>
</kw>
<kw name="Element Should Contain" library="SeleniumLibrary">
<arg>xpath=//h2[contains(text(),'Medical Record Dashboard')]</arg>
<arg>${expected_data}</arg>
<doc>Verifies that element ``locator`` contains text ``expected``.</doc>
<msg timestamp="20230130 09:39:44.327" level="INFO">Element 'xpath=//h2[contains(text(),'Medical Record Dashboard')]' contains text 'Sai Kiran Reddy Masani'.</msg>
<status status="PASS" starttime="20230130 09:39:44.293" endtime="20230130 09:39:44.327"/>
</kw>
<status status="PASS" starttime="20230130 09:39:19.910" endtime="20230130 09:39:44.328"/>
</kw>
<kw name="Close Browser" library="SeleniumLibrary" type="TEARDOWN">
<doc>Closes the current browser.</doc>
<status status="PASS" starttime="20230130 09:39:44.328" endtime="20230130 09:39:46.660"/>
</kw>
<status status="PASS" starttime="20230130 09:39:10.449" endtime="20230130 09:39:46.660"/>
</test>
<doc>This file contains test cases for add valid patient</doc>
<status status="PASS" starttime="20230130 09:37:56.060" endtime="20230130 09:39:46.662"/>
</suite>
<statistics>
<total>
<stat pass="3" fail="0" skip="0">All Tests</stat>
</total>
<tag>
</tag>
<suite>
<stat pass="3" fail="0" skip="0" id="s1" name="Add Patient">Add Patient</stat>
</suite>
</statistics>
<errors>
<msg timestamp="20230130 09:38:34.228" level="WARN">Multiple tests with name 'TC1' executed in suite 'Add Patient'.</msg>
<msg timestamp="20230130 09:39:10.449" level="WARN">Multiple tests with name 'TC1' executed in suite 'Add Patient'.</msg>
</errors>
</robot>
