<?xml version="1.0" encoding="UTF-8"?>
<robot generator="Robot 6.0.2 (Python 3.11.1 on win32)" generated="20230130 16:38:54.082" rpa="false" schemaversion="3">
<suite id="s1" name="Add Patient" source="C:\Users\40032395\OneDrive - LTTS\Caption Project\Caption Project_1\2__patient_suite\01__add_patient.robot">
<test id="s1-t1" name="TC1" line="13">
<kw name="Launch Browser and Navigate To Url" library="Common_Functionalities" type="SETUP">
<kw name="Open Browser" library="SeleniumLibrary">
<arg>browser=${BROWSER_NAME}</arg>
<doc>Opens a new browser instance to the optional ``url``.</doc>
<msg timestamp="20230130 16:38:55.488" level="INFO">Opening browser 'chrome' to base url 'None'.</msg>
<status status="PASS" starttime="20230130 16:38:55.488" endtime="20230130 16:38:57.548"/>
</kw>
<kw name="Maximize Browser Window" library="SeleniumLibrary">
<doc>Maximizes current browser window.</doc>
<status status="PASS" starttime="20230130 16:38:57.549" endtime="20230130 16:38:57.721"/>
</kw>
<kw name="Set Selenium Implicit Wait" library="SeleniumLibrary">
<arg>30s</arg>
<doc>Sets the implicit wait value used by Selenium.</doc>
<status status="PASS" starttime="20230130 16:38:57.721" endtime="20230130 16:38:57.735"/>
</kw>
<kw name="Go To" library="SeleniumLibrary">
<arg>url=${URL}</arg>
<doc>Navigates the current browser window to the provided ``url``.</doc>
<msg timestamp="20230130 16:38:57.736" level="INFO">Opening url 'https://demo.openemr.io/b/openemr'</msg>
<status status="PASS" starttime="20230130 16:38:57.736" endtime="20230130 16:39:12.689"/>
</kw>
<status status="PASS" starttime="20230130 16:38:55.488" endtime="20230130 16:39:12.691"/>
</kw>
<kw name="add valid patient tamplate">
<arg>admin</arg>
<arg>pass</arg>
<arg>English (Indian)</arg>
<arg>Sai</arg>
<arg>Bhargav</arg>
<arg>Reddy</arg>
<arg>Masani</arg>
<arg>2001-05-29 00:00:00</arg>
<arg>Male</arg>
<arg>Sai Bhargav Reddy Masani</arg>
<kw name="Input Text" library="SeleniumLibrary">
<arg>name=authUser</arg>
<arg>${authUser}</arg>
<doc>Types the given ``text`` into the text field identified by ``locator``.</doc>
<msg timestamp="20230130 16:39:12.691" level="INFO">Typing text 'admin' into text field 'name=authUser'.</msg>
<status status="PASS" starttime="20230130 16:39:12.691" endtime="20230130 16:39:12.807"/>
</kw>
<kw name="Input Password" library="SeleniumLibrary">
<arg>name=clearPass</arg>
<arg>${clearPass}</arg>
<doc>Types the given password into the text field identified by ``locator``.</doc>
<msg timestamp="20230130 16:39:12.807" level="INFO">Typing password into text field 'name=clearPass'.</msg>
<msg timestamp="20230130 16:39:12.872" level="INFO">Temporally setting log level to: NONE</msg>
<msg timestamp="20230130 16:39:12.937" level="INFO">Log level changed from NONE to INFO.</msg>
<status status="PASS" starttime="20230130 16:39:12.807" endtime="20230130 16:39:12.937"/>
</kw>
<kw name="Select From List By Label" library="SeleniumLibrary">
<arg>name=languageChoice</arg>
<arg>${languageChoice}</arg>
<doc>Selects options from selection list ``locator`` by ``labels``.</doc>
<msg timestamp="20230130 16:39:12.937" level="INFO">Selecting options from selection list 'name=languageChoice' by label English (Indian).</msg>
<status status="PASS" starttime="20230130 16:39:12.937" endtime="20230130 16:39:13.059"/>
</kw>
<kw name="Click Element" library="SeleniumLibrary">
<arg>id=login-button</arg>
<doc>Click the element identified by ``locator``.</doc>
<msg timestamp="20230130 16:39:13.068" level="INFO">Clicking element 'id=login-button'.</msg>
<status status="PASS" starttime="20230130 16:39:13.059" endtime="20230130 16:39:23.408"/>
</kw>
<kw name="Mouse Over" library="SeleniumLibrary">
<arg>xpath=//div[@class='menuLabel px-1 dropdown-toggle oe-dropdown-toggle']</arg>
<doc>Simulates hovering the mouse over the element ``locator``.</doc>
<msg timestamp="20230130 16:39:23.408" level="INFO">Simulating Mouse Over on element 'xpath=//div[@class='menuLabel px-1 dropdown-toggle oe-dropdown-toggle']'.</msg>
<status status="PASS" starttime="20230130 16:39:23.408" endtime="20230130 16:39:23.709"/>
</kw>
<kw name="Click Element" library="SeleniumLibrary">
<arg>xpath=//div[text()='New/Search']</arg>
<doc>Click the element identified by ``locator``.</doc>
<msg timestamp="20230130 16:39:23.709" level="INFO">Clicking element 'xpath=//div[text()='New/Search']'.</msg>
<status status="PASS" starttime="20230130 16:39:23.709" endtime="20230130 16:39:23.793"/>
</kw>
<kw name="Select Frame" library="SeleniumLibrary">
<arg>xpath=//iframe[@name='pat']</arg>
<doc>Sets frame identified by ``locator`` as the current frame.</doc>
<msg timestamp="20230130 16:39:23.794" level="INFO">Selecting frame 'xpath=//iframe[@name='pat']'.</msg>
<status status="PASS" starttime="20230130 16:39:23.793" endtime="20230130 16:39:26.058"/>
</kw>
<kw name="Input Text" library="SeleniumLibrary">
<arg>id=form_fname</arg>
<arg>${form_fname}</arg>
<doc>Types the given ``text`` into the text field identified by ``locator``.</doc>
<msg timestamp="20230130 16:39:26.060" level="INFO">Typing text 'Sai' into text field 'id=form_fname'.</msg>
<status status="PASS" starttime="20230130 16:39:26.058" endtime="20230130 16:39:26.329"/>
</kw>
<kw name="Input Text" library="SeleniumLibrary">
<arg>id=form_mname</arg>
<arg>${form_mname}</arg>
<doc>Types the given ``text`` into the text field identified by ``locator``.</doc>
<msg timestamp="20230130 16:39:26.332" level="INFO">Typing text 'Bhargav' into text field 'id=form_mname'.</msg>
<status status="PASS" starttime="20230130 16:39:26.330" endtime="20230130 16:39:26.492"/>
</kw>
<kw name="Input Text" library="SeleniumLibrary">
<arg>id=form_lname</arg>
<arg>${form_lname}</arg>
<doc>Types the given ``text`` into the text field identified by ``locator``.</doc>
<msg timestamp="20230130 16:39:26.502" level="INFO">Typing text 'Reddy' into text field 'id=form_lname'.</msg>
<status status="PASS" starttime="20230130 16:39:26.492" endtime="20230130 16:39:26.687"/>
</kw>
<kw name="Input Text" library="SeleniumLibrary">
<arg>id=form_suffix</arg>
<arg>${form_suffix}</arg>
<doc>Types the given ``text`` into the text field identified by ``locator``.</doc>
<msg timestamp="20230130 16:39:26.687" level="INFO">Typing text 'Masani' into text field 'id=form_suffix'.</msg>
<status status="PASS" starttime="20230130 16:39:26.687" endtime="20230130 16:39:26.869"/>
</kw>
<kw name="Input Text" library="SeleniumLibrary">
<arg>name=form_DOB</arg>
<arg>${form_DOB}</arg>
<doc>Types the given ``text`` into the text field identified by ``locator``.</doc>
<msg timestamp="20230130 16:39:26.869" level="INFO">Typing text '2001-05-29 00:00:00' into text field 'name=form_DOB'.</msg>
<status status="PASS" starttime="20230130 16:39:26.869" endtime="20230130 16:39:27.069"/>
</kw>
<kw name="Select From List By Label" library="SeleniumLibrary">
<arg>name=form_sex</arg>
<arg>${form_sex}</arg>
<doc>Selects options from selection list ``locator`` by ``labels``.</doc>
<msg timestamp="20230130 16:39:27.073" level="INFO">Selecting options from selection list 'name=form_sex' by label Male.</msg>
<status status="PASS" starttime="20230130 16:39:27.070" endtime="20230130 16:39:27.288"/>
</kw>
<kw name="Click Element" library="SeleniumLibrary">
<arg>id=create</arg>
<doc>Click the element identified by ``locator``.</doc>
<msg timestamp="20230130 16:39:27.295" level="INFO">Clicking element 'id=create'.</msg>
<status status="PASS" starttime="20230130 16:39:27.288" endtime="20230130 16:39:27.512"/>
</kw>
<kw name="Unselect Frame" library="SeleniumLibrary">
<doc>Sets the main frame as the current frame.</doc>
<status status="PASS" starttime="20230130 16:39:27.513" endtime="20230130 16:39:27.522"/>
</kw>
<kw name="Select Frame" library="SeleniumLibrary">
<arg>xpath=//iframe[@id='modalframe']</arg>
<doc>Sets frame identified by ``locator`` as the current frame.</doc>
<msg timestamp="20230130 16:39:27.523" level="INFO">Selecting frame 'xpath=//iframe[@id='modalframe']'.</msg>
<status status="PASS" starttime="20230130 16:39:27.523" endtime="20230130 16:39:29.913"/>
</kw>
<kw name="Click Element" library="SeleniumLibrary">
<arg>xpath=//input[@onclick='dlgclose("srcConfirmSave", false);']</arg>
<doc>Click the element identified by ``locator``.</doc>
<msg timestamp="20230130 16:39:29.913" level="INFO">Clicking element 'xpath=//input[@onclick='dlgclose("srcConfirmSave", false);']'.</msg>
<status status="PASS" starttime="20230130 16:39:29.913" endtime="20230130 16:39:30.039"/>
</kw>
<kw name="Sleep" library="BuiltIn">
<arg>15s</arg>
<doc>Pauses the test executed for the given time.</doc>
<msg timestamp="20230130 16:39:45.041" level="INFO">Slept 15 seconds</msg>
<status status="PASS" starttime="20230130 16:39:30.040" endtime="20230130 16:39:45.042"/>
</kw>
<kw name="Handle Alert" library="SeleniumLibrary">
<var>${alert_text}</var>
<arg>action=ACCEPT</arg>
<doc>Handles the current alert and returns its message.</doc>
<msg timestamp="20230130 16:39:45.042" level="INFO">HANDLE::&lt;class 'NoneType'&gt;::None</msg>
<msg timestamp="20230130 16:39:45.051" level="INFO">${alert_text} = New Due Clinical Reminders  Measurement: Weight Assessment: Tobacco  (See the Clinical Reminders widget for more details)</msg>
<status status="PASS" starttime="20230130 16:39:45.042" endtime="20230130 16:39:45.053"/>
</kw>
<kw name="Log To Console" library="BuiltIn">
<arg>${alert_text}</arg>
<doc>Logs the given message to the console.</doc>
<status status="PASS" starttime="20230130 16:39:45.053" endtime="20230130 16:39:45.055"/>
</kw>
<kw name="Select Frame" library="SeleniumLibrary">
<arg>xpath=//iframe[@name='pat']</arg>
<doc>Sets frame identified by ``locator`` as the current frame.</doc>
<msg timestamp="20230130 16:39:45.057" level="INFO">Selecting frame 'xpath=//iframe[@name='pat']'.</msg>
<status status="PASS" starttime="20230130 16:39:45.055" endtime="20230130 16:39:45.101"/>
</kw>
<kw name="Element Should Contain" library="SeleniumLibrary">
<arg>xpath=//h2[contains(text(),'Medical Record Dashboard')]</arg>
<arg>${expected_data}</arg>
<doc>Verifies that element ``locator`` contains text ``expected``.</doc>
<msg timestamp="20230130 16:39:45.150" level="INFO">Element 'xpath=//h2[contains(text(),'Medical Record Dashboard')]' contains text 'Sai Bhargav Reddy Masani'.</msg>
<status status="PASS" starttime="20230130 16:39:45.101" endtime="20230130 16:39:45.151"/>
</kw>
<status status="PASS" starttime="20230130 16:39:12.691" endtime="20230130 16:39:45.151"/>
</kw>
<kw name="Close Browser" library="SeleniumLibrary" type="TEARDOWN">
<doc>Closes the current browser.</doc>
<status status="PASS" starttime="20230130 16:39:45.151" endtime="20230130 16:39:47.496"/>
</kw>
<status status="PASS" starttime="20230130 16:38:55.488" endtime="20230130 16:39:47.497"/>
</test>
<test id="s1-t2" name="TC1" line="13">
<kw name="Launch Browser and Navigate To Url" library="Common_Functionalities" type="SETUP">
<kw name="Open Browser" library="SeleniumLibrary">
<arg>browser=${BROWSER_NAME}</arg>
<doc>Opens a new browser instance to the optional ``url``.</doc>
<msg timestamp="20230130 16:39:47.499" level="INFO">Opening browser 'chrome' to base url 'None'.</msg>
<status status="PASS" starttime="20230130 16:39:47.499" endtime="20230130 16:39:49.513"/>
</kw>
<kw name="Maximize Browser Window" library="SeleniumLibrary">
<doc>Maximizes current browser window.</doc>
<status status="PASS" starttime="20230130 16:39:49.514" endtime="20230130 16:39:49.641"/>
</kw>
<kw name="Set Selenium Implicit Wait" library="SeleniumLibrary">
<arg>30s</arg>
<doc>Sets the implicit wait value used by Selenium.</doc>
<status status="PASS" starttime="20230130 16:39:49.643" endtime="20230130 16:39:49.653"/>
</kw>
<kw name="Go To" library="SeleniumLibrary">
<arg>url=${URL}</arg>
<doc>Navigates the current browser window to the provided ``url``.</doc>
<msg timestamp="20230130 16:39:49.655" level="INFO">Opening url 'https://demo.openemr.io/b/openemr'</msg>
<status status="PASS" starttime="20230130 16:39:49.653" endtime="20230130 16:39:57.451"/>
</kw>
<status status="PASS" starttime="20230130 16:39:47.499" endtime="20230130 16:39:57.452"/>
</kw>
<kw name="add valid patient tamplate">
<arg>admin</arg>
<arg>pass</arg>
<arg>English (Indian)</arg>
<arg>Sai</arg>
<arg>Krishna </arg>
<arg>Reddy</arg>
<arg>Masani</arg>
<arg>2004-05-27 00:00:00</arg>
<arg>Male</arg>
<arg>Sai Krishna Reddy Masani</arg>
<kw name="Input Text" library="SeleniumLibrary">
<arg>name=authUser</arg>
<arg>${authUser}</arg>
<doc>Types the given ``text`` into the text field identified by ``locator``.</doc>
<msg timestamp="20230130 16:39:57.454" level="INFO">Typing text 'admin' into text field 'name=authUser'.</msg>
<status status="PASS" starttime="20230130 16:39:57.453" endtime="20230130 16:39:57.587"/>
</kw>
<kw name="Input Password" library="SeleniumLibrary">
<arg>name=clearPass</arg>
<arg>${clearPass}</arg>
<doc>Types the given password into the text field identified by ``locator``.</doc>
<msg timestamp="20230130 16:39:57.587" level="INFO">Typing password into text field 'name=clearPass'.</msg>
<msg timestamp="20230130 16:39:57.647" level="INFO">Temporally setting log level to: NONE</msg>
<msg timestamp="20230130 16:39:57.725" level="INFO">Log level changed from NONE to INFO.</msg>
<status status="PASS" starttime="20230130 16:39:57.587" endtime="20230130 16:39:57.725"/>
</kw>
<kw name="Select From List By Label" library="SeleniumLibrary">
<arg>name=languageChoice</arg>
<arg>${languageChoice}</arg>
<doc>Selects options from selection list ``locator`` by ``labels``.</doc>
<msg timestamp="20230130 16:39:57.725" level="INFO">Selecting options from selection list 'name=languageChoice' by label English (Indian).</msg>
<status status="PASS" starttime="20230130 16:39:57.725" endtime="20230130 16:39:57.848"/>
</kw>
<kw name="Click Element" library="SeleniumLibrary">
<arg>id=login-button</arg>
<doc>Click the element identified by ``locator``.</doc>
<msg timestamp="20230130 16:39:57.848" level="INFO">Clicking element 'id=login-button'.</msg>
<status status="PASS" starttime="20230130 16:39:57.848" endtime="20230130 16:40:19.356"/>
</kw>
<kw name="Mouse Over" library="SeleniumLibrary">
<arg>xpath=//div[@class='menuLabel px-1 dropdown-toggle oe-dropdown-toggle']</arg>
<doc>Simulates hovering the mouse over the element ``locator``.</doc>
<msg timestamp="20230130 16:40:19.357" level="INFO">Simulating Mouse Over on element 'xpath=//div[@class='menuLabel px-1 dropdown-toggle oe-dropdown-toggle']'.</msg>
<status status="PASS" starttime="20230130 16:40:19.357" endtime="20230130 16:40:19.690"/>
</kw>
<kw name="Click Element" library="SeleniumLibrary">
<arg>xpath=//div[text()='New/Search']</arg>
<doc>Click the element identified by ``locator``.</doc>
<msg timestamp="20230130 16:40:19.690" level="INFO">Clicking element 'xpath=//div[text()='New/Search']'.</msg>
<status status="PASS" starttime="20230130 16:40:19.690" endtime="20230130 16:40:19.788"/>
</kw>
<kw name="Select Frame" library="SeleniumLibrary">
<arg>xpath=//iframe[@name='pat']</arg>
<doc>Sets frame identified by ``locator`` as the current frame.</doc>
<msg timestamp="20230130 16:40:19.789" level="INFO">Selecting frame 'xpath=//iframe[@name='pat']'.</msg>
<status status="PASS" starttime="20230130 16:40:19.789" endtime="20230130 16:40:28.006"/>
</kw>
<kw name="Input Text" library="SeleniumLibrary">
<arg>id=form_fname</arg>
<arg>${form_fname}</arg>
<doc>Types the given ``text`` into the text field identified by ``locator``.</doc>
<msg timestamp="20230130 16:40:28.007" level="INFO">Typing text 'Sai' into text field 'id=form_fname'.</msg>
<status status="PASS" starttime="20230130 16:40:28.006" endtime="20230130 16:40:28.306"/>
</kw>
<kw name="Input Text" library="SeleniumLibrary">
<arg>id=form_mname</arg>
<arg>${form_mname}</arg>
<doc>Types the given ``text`` into the text field identified by ``locator``.</doc>
<msg timestamp="20230130 16:40:28.306" level="INFO">Typing text 'Krishna ' into text field 'id=form_mname'.</msg>
<status status="PASS" starttime="20230130 16:40:28.306" endtime="20230130 16:40:28.570"/>
</kw>
<kw name="Input Text" library="SeleniumLibrary">
<arg>id=form_lname</arg>
<arg>${form_lname}</arg>
<doc>Types the given ``text`` into the text field identified by ``locator``.</doc>
<msg timestamp="20230130 16:40:28.580" level="INFO">Typing text 'Reddy' into text field 'id=form_lname'.</msg>
<status status="PASS" starttime="20230130 16:40:28.570" endtime="20230130 16:40:28.792"/>
</kw>
<kw name="Input Text" library="SeleniumLibrary">
<arg>id=form_suffix</arg>
<arg>${form_suffix}</arg>
<doc>Types the given ``text`` into the text field identified by ``locator``.</doc>
<msg timestamp="20230130 16:40:28.792" level="INFO">Typing text 'Masani' into text field 'id=form_suffix'.</msg>
<status status="PASS" starttime="20230130 16:40:28.792" endtime="20230130 16:40:29.004"/>
</kw>
<kw name="Input Text" library="SeleniumLibrary">
<arg>name=form_DOB</arg>
<arg>${form_DOB}</arg>
<doc>Types the given ``text`` into the text field identified by ``locator``.</doc>
<msg timestamp="20230130 16:40:29.007" level="INFO">Typing text '2004-05-27 00:00:00' into text field 'name=form_DOB'.</msg>
<status status="PASS" starttime="20230130 16:40:29.005" endtime="20230130 16:40:29.207"/>
</kw>
<kw name="Select From List By Label" library="SeleniumLibrary">
<arg>name=form_sex</arg>
<arg>${form_sex}</arg>
<doc>Selects options from selection list ``locator`` by ``labels``.</doc>
<msg timestamp="20230130 16:40:29.209" level="INFO">Selecting options from selection list 'name=form_sex' by label Male.</msg>
<status status="PASS" starttime="20230130 16:40:29.208" endtime="20230130 16:40:29.429"/>
</kw>
<kw name="Click Element" library="SeleniumLibrary">
<arg>id=create</arg>
<doc>Click the element identified by ``locator``.</doc>
<msg timestamp="20230130 16:40:29.431" level="INFO">Clicking element 'id=create'.</msg>
<status status="PASS" starttime="20230130 16:40:29.429" endtime="20230130 16:40:29.687"/>
</kw>
<kw name="Unselect Frame" library="SeleniumLibrary">
<doc>Sets the main frame as the current frame.</doc>
<status status="PASS" starttime="20230130 16:40:29.687" endtime="20230130 16:40:29.700"/>
</kw>
<kw name="Select Frame" library="SeleniumLibrary">
<arg>xpath=//iframe[@id='modalframe']</arg>
<doc>Sets frame identified by ``locator`` as the current frame.</doc>
<msg timestamp="20230130 16:40:29.700" level="INFO">Selecting frame 'xpath=//iframe[@id='modalframe']'.</msg>
<status status="PASS" starttime="20230130 16:40:29.700" endtime="20230130 16:40:30.561"/>
</kw>
<kw name="Click Element" library="SeleniumLibrary">
<arg>xpath=//input[@onclick='dlgclose("srcConfirmSave", false);']</arg>
<doc>Click the element identified by ``locator``.</doc>
<msg timestamp="20230130 16:40:30.561" level="INFO">Clicking element 'xpath=//input[@onclick='dlgclose("srcConfirmSave", false);']'.</msg>
<status status="PASS" starttime="20230130 16:40:30.561" endtime="20230130 16:40:30.712"/>
</kw>
<kw name="Sleep" library="BuiltIn">
<arg>15s</arg>
<doc>Pauses the test executed for the given time.</doc>
<msg timestamp="20230130 16:40:45.713" level="INFO">Slept 15 seconds</msg>
<status status="PASS" starttime="20230130 16:40:30.712" endtime="20230130 16:40:45.713"/>
</kw>
<kw name="Handle Alert" library="SeleniumLibrary">
<var>${alert_text}</var>
<arg>action=ACCEPT</arg>
<doc>Handles the current alert and returns its message.</doc>
<msg timestamp="20230130 16:40:45.713" level="INFO">HANDLE::&lt;class 'NoneType'&gt;::None</msg>
<msg timestamp="20230130 16:40:45.717" level="INFO">${alert_text} = New Due Clinical Reminders  Measurement: Weight Assessment: Tobacco  (See the Clinical Reminders widget for more details)</msg>
<status status="PASS" starttime="20230130 16:40:45.713" endtime="20230130 16:40:45.717"/>
</kw>
<kw name="Log To Console" library="BuiltIn">
<arg>${alert_text}</arg>
<doc>Logs the given message to the console.</doc>
<status status="PASS" starttime="20230130 16:40:45.717" endtime="20230130 16:40:45.726"/>
</kw>
<kw name="Select Frame" library="SeleniumLibrary">
<arg>xpath=//iframe[@name='pat']</arg>
<doc>Sets frame identified by ``locator`` as the current frame.</doc>
<msg timestamp="20230130 16:40:45.726" level="INFO">Selecting frame 'xpath=//iframe[@name='pat']'.</msg>
<status status="PASS" starttime="20230130 16:40:45.726" endtime="20230130 16:40:45.775"/>
</kw>
<kw name="Element Should Contain" library="SeleniumLibrary">
<arg>xpath=//h2[contains(text(),'Medical Record Dashboard')]</arg>
<arg>${expected_data}</arg>
<doc>Verifies that element ``locator`` contains text ``expected``.</doc>
<msg timestamp="20230130 16:40:45.820" level="INFO">Element 'xpath=//h2[contains(text(),'Medical Record Dashboard')]' contains text 'Sai Krishna Reddy Masani'.</msg>
<status status="PASS" starttime="20230130 16:40:45.775" endtime="20230130 16:40:45.820"/>
</kw>
<status status="PASS" starttime="20230130 16:39:57.452" endtime="20230130 16:40:45.820"/>
</kw>
<kw name="Close Browser" library="SeleniumLibrary" type="TEARDOWN">
<doc>Closes the current browser.</doc>
<status status="PASS" starttime="20230130 16:40:45.820" endtime="20230130 16:40:48.125"/>
</kw>
<status status="PASS" starttime="20230130 16:39:47.497" endtime="20230130 16:40:48.125"/>
</test>
<test id="s1-t3" name="TC1" line="13">
<kw name="Launch Browser and Navigate To Url" library="Common_Functionalities" type="SETUP">
<kw name="Open Browser" library="SeleniumLibrary">
<arg>browser=${BROWSER_NAME}</arg>
<doc>Opens a new browser instance to the optional ``url``.</doc>
<msg timestamp="20230130 16:40:48.125" level="INFO">Opening browser 'chrome' to base url 'None'.</msg>
<status status="PASS" starttime="20230130 16:40:48.125" endtime="20230130 16:40:49.967"/>
</kw>
<kw name="Maximize Browser Window" library="SeleniumLibrary">
<doc>Maximizes current browser window.</doc>
<status status="PASS" starttime="20230130 16:40:49.968" endtime="20230130 16:40:50.109"/>
</kw>
<kw name="Set Selenium Implicit Wait" library="SeleniumLibrary">
<arg>30s</arg>
<doc>Sets the implicit wait value used by Selenium.</doc>
<status status="PASS" starttime="20230130 16:40:50.109" endtime="20230130 16:40:50.115"/>
</kw>
<kw name="Go To" library="SeleniumLibrary">
<arg>url=${URL}</arg>
<doc>Navigates the current browser window to the provided ``url``.</doc>
<msg timestamp="20230130 16:40:50.121" level="INFO">Opening url 'https://demo.openemr.io/b/openemr'</msg>
<status status="PASS" starttime="20230130 16:40:50.117" endtime="20230130 16:41:01.036"/>
</kw>
<status status="PASS" starttime="20230130 16:40:48.125" endtime="20230130 16:41:01.036"/>
</kw>
<kw name="add valid patient tamplate">
<arg>admin</arg>
<arg>pass</arg>
<arg>English (Indian)</arg>
<arg>Sai</arg>
<arg>Kiran</arg>
<arg>Reddy</arg>
<arg>Masani</arg>
<arg>1996-01-31 00:00:00</arg>
<arg>Male</arg>
<arg>Sai Kiran Reddy Masani</arg>
<kw name="Input Text" library="SeleniumLibrary">
<arg>name=authUser</arg>
<arg>${authUser}</arg>
<doc>Types the given ``text`` into the text field identified by ``locator``.</doc>
<msg timestamp="20230130 16:41:01.036" level="INFO">Typing text 'admin' into text field 'name=authUser'.</msg>
<status status="PASS" starttime="20230130 16:41:01.036" endtime="20230130 16:41:01.169"/>
</kw>
<kw name="Input Password" library="SeleniumLibrary">
<arg>name=clearPass</arg>
<arg>${clearPass}</arg>
<doc>Types the given password into the text field identified by ``locator``.</doc>
<msg timestamp="20230130 16:41:01.173" level="INFO">Typing password into text field 'name=clearPass'.</msg>
<msg timestamp="20230130 16:41:01.231" level="INFO">Temporally setting log level to: NONE</msg>
<msg timestamp="20230130 16:41:01.313" level="INFO">Log level changed from NONE to INFO.</msg>
<status status="PASS" starttime="20230130 16:41:01.169" endtime="20230130 16:41:01.313"/>
</kw>
<kw name="Select From List By Label" library="SeleniumLibrary">
<arg>name=languageChoice</arg>
<arg>${languageChoice}</arg>
<doc>Selects options from selection list ``locator`` by ``labels``.</doc>
<msg timestamp="20230130 16:41:01.315" level="INFO">Selecting options from selection list 'name=languageChoice' by label English (Indian).</msg>
<status status="PASS" starttime="20230130 16:41:01.313" endtime="20230130 16:41:01.450"/>
</kw>
<kw name="Click Element" library="SeleniumLibrary">
<arg>id=login-button</arg>
<doc>Click the element identified by ``locator``.</doc>
<msg timestamp="20230130 16:41:01.450" level="INFO">Clicking element 'id=login-button'.</msg>
<status status="PASS" starttime="20230130 16:41:01.450" endtime="20230130 16:41:24.268"/>
</kw>
<kw name="Mouse Over" library="SeleniumLibrary">
<arg>xpath=//div[@class='menuLabel px-1 dropdown-toggle oe-dropdown-toggle']</arg>
<doc>Simulates hovering the mouse over the element ``locator``.</doc>
<msg timestamp="20230130 16:41:24.268" level="INFO">Simulating Mouse Over on element 'xpath=//div[@class='menuLabel px-1 dropdown-toggle oe-dropdown-toggle']'.</msg>
<status status="PASS" starttime="20230130 16:41:24.268" endtime="20230130 16:41:24.580"/>
</kw>
<kw name="Click Element" library="SeleniumLibrary">
<arg>xpath=//div[text()='New/Search']</arg>
<doc>Click the element identified by ``locator``.</doc>
<msg timestamp="20230130 16:41:24.580" level="INFO">Clicking element 'xpath=//div[text()='New/Search']'.</msg>
<status status="PASS" starttime="20230130 16:41:24.580" endtime="20230130 16:41:24.692"/>
</kw>
<kw name="Select Frame" library="SeleniumLibrary">
<arg>xpath=//iframe[@name='pat']</arg>
<doc>Sets frame identified by ``locator`` as the current frame.</doc>
<msg timestamp="20230130 16:41:24.695" level="INFO">Selecting frame 'xpath=//iframe[@name='pat']'.</msg>
<status status="PASS" starttime="20230130 16:41:24.693" endtime="20230130 16:41:28.848"/>
</kw>
<kw name="Input Text" library="SeleniumLibrary">
<arg>id=form_fname</arg>
<arg>${form_fname}</arg>
<doc>Types the given ``text`` into the text field identified by ``locator``.</doc>
<msg timestamp="20230130 16:41:28.851" level="INFO">Typing text 'Sai' into text field 'id=form_fname'.</msg>
<status status="PASS" starttime="20230130 16:41:28.849" endtime="20230130 16:41:29.092"/>
</kw>
<kw name="Input Text" library="SeleniumLibrary">
<arg>id=form_mname</arg>
<arg>${form_mname}</arg>
<doc>Types the given ``text`` into the text field identified by ``locator``.</doc>
<msg timestamp="20230130 16:41:29.092" level="INFO">Typing text 'Kiran' into text field 'id=form_mname'.</msg>
<status status="PASS" starttime="20230130 16:41:29.092" endtime="20230130 16:41:29.329"/>
</kw>
<kw name="Input Text" library="SeleniumLibrary">
<arg>id=form_lname</arg>
<arg>${form_lname}</arg>
<doc>Types the given ``text`` into the text field identified by ``locator``.</doc>
<msg timestamp="20230130 16:41:29.329" level="INFO">Typing text 'Reddy' into text field 'id=form_lname'.</msg>
<status status="PASS" starttime="20230130 16:41:29.329" endtime="20230130 16:41:29.500"/>
</kw>
<kw name="Input Text" library="SeleniumLibrary">
<arg>id=form_suffix</arg>
<arg>${form_suffix}</arg>
<doc>Types the given ``text`` into the text field identified by ``locator``.</doc>
<msg timestamp="20230130 16:41:29.500" level="INFO">Typing text 'Masani' into text field 'id=form_suffix'.</msg>
<status status="PASS" starttime="20230130 16:41:29.500" endtime="20230130 16:41:29.690"/>
</kw>
<kw name="Input Text" library="SeleniumLibrary">
<arg>name=form_DOB</arg>
<arg>${form_DOB}</arg>
<doc>Types the given ``text`` into the text field identified by ``locator``.</doc>
<msg timestamp="20230130 16:41:29.691" level="INFO">Typing text '1996-01-31 00:00:00' into text field 'name=form_DOB'.</msg>
<status status="PASS" starttime="20230130 16:41:29.691" endtime="20230130 16:41:29.883"/>
</kw>
<kw name="Select From List By Label" library="SeleniumLibrary">
<arg>name=form_sex</arg>
<arg>${form_sex}</arg>
<doc>Selects options from selection list ``locator`` by ``labels``.</doc>
<msg timestamp="20230130 16:41:29.885" level="INFO">Selecting options from selection list 'name=form_sex' by label Male.</msg>
<status status="PASS" starttime="20230130 16:41:29.883" endtime="20230130 16:41:30.116"/>
</kw>
<kw name="Click Element" library="SeleniumLibrary">
<arg>id=create</arg>
<doc>Click the element identified by ``locator``.</doc>
<msg timestamp="20230130 16:41:30.124" level="INFO">Clicking element 'id=create'.</msg>
<status status="PASS" starttime="20230130 16:41:30.116" endtime="20230130 16:41:30.379"/>
</kw>
<kw name="Unselect Frame" library="SeleniumLibrary">
<doc>Sets the main frame as the current frame.</doc>
<status status="PASS" starttime="20230130 16:41:30.379" endtime="20230130 16:41:30.388"/>
</kw>
<kw name="Select Frame" library="SeleniumLibrary">
<arg>xpath=//iframe[@id='modalframe']</arg>
<doc>Sets frame identified by ``locator`` as the current frame.</doc>
<msg timestamp="20230130 16:41:30.390" level="INFO">Selecting frame 'xpath=//iframe[@id='modalframe']'.</msg>
<status status="PASS" starttime="20230130 16:41:30.388" endtime="20230130 16:41:31.436"/>
</kw>
<kw name="Click Element" library="SeleniumLibrary">
<arg>xpath=//input[@onclick='dlgclose("srcConfirmSave", false);']</arg>
<doc>Click the element identified by ``locator``.</doc>
<msg timestamp="20230130 16:41:31.436" level="INFO">Clicking element 'xpath=//input[@onclick='dlgclose("srcConfirmSave", false);']'.</msg>
<status status="PASS" starttime="20230130 16:41:31.436" endtime="20230130 16:41:31.567"/>
</kw>
<kw name="Sleep" library="BuiltIn">
<arg>15s</arg>
<doc>Pauses the test executed for the given time.</doc>
<msg timestamp="20230130 16:41:46.572" level="INFO">Slept 15 seconds</msg>
<status status="PASS" starttime="20230130 16:41:31.567" endtime="20230130 16:41:46.572"/>
</kw>
<kw name="Handle Alert" library="SeleniumLibrary">
<var>${alert_text}</var>
<arg>action=ACCEPT</arg>
<doc>Handles the current alert and returns its message.</doc>
<msg timestamp="20230130 16:41:46.572" level="INFO">HANDLE::&lt;class 'NoneType'&gt;::None</msg>
<msg timestamp="20230130 16:41:46.580" level="INFO">${alert_text} = New Due Clinical Reminders  Measurement: Weight Assessment: Tobacco  (See the Clinical Reminders widget for more details)</msg>
<status status="PASS" starttime="20230130 16:41:46.572" endtime="20230130 16:41:46.580"/>
</kw>
<kw name="Log To Console" library="BuiltIn">
<arg>${alert_text}</arg>
<doc>Logs the given message to the console.</doc>
<status status="PASS" starttime="20230130 16:41:46.580" endtime="20230130 16:41:46.584"/>
</kw>
<kw name="Select Frame" library="SeleniumLibrary">
<arg>xpath=//iframe[@name='pat']</arg>
<doc>Sets frame identified by ``locator`` as the current frame.</doc>
<msg timestamp="20230130 16:41:46.585" level="INFO">Selecting frame 'xpath=//iframe[@name='pat']'.</msg>
<status status="PASS" starttime="20230130 16:41:46.585" endtime="20230130 16:41:46.623"/>
</kw>
<kw name="Element Should Contain" library="SeleniumLibrary">
<arg>xpath=//h2[contains(text(),'Medical Record Dashboard')]</arg>
<arg>${expected_data}</arg>
<doc>Verifies that element ``locator`` contains text ``expected``.</doc>
<msg timestamp="20230130 16:41:46.666" level="INFO">Element 'xpath=//h2[contains(text(),'Medical Record Dashboard')]' contains text 'Sai Kiran Reddy Masani'.</msg>
<status status="PASS" starttime="20230130 16:41:46.623" endtime="20230130 16:41:46.666"/>
</kw>
<status status="PASS" starttime="20230130 16:41:01.036" endtime="20230130 16:41:46.666"/>
</kw>
<kw name="Close Browser" library="SeleniumLibrary" type="TEARDOWN">
<doc>Closes the current browser.</doc>
<status status="PASS" starttime="20230130 16:41:46.666" endtime="20230130 16:41:49.035"/>
</kw>
<status status="PASS" starttime="20230130 16:40:48.125" endtime="20230130 16:41:49.035"/>
</test>
<doc>This file contains test cases for add valid patient</doc>
<status status="PASS" starttime="20230130 16:38:54.082" endtime="20230130 16:41:49.036"/>
</suite>
<statistics>
<total>
<stat pass="3" fail="0" skip="0">All Tests</stat>
</total>
<tag>
</tag>
<suite>
<stat pass="3" fail="0" skip="0" id="s1" name="Add Patient">Add Patient</stat>
</suite>
</statistics>
<errors>
<msg timestamp="20230130 16:39:47.497" level="WARN">Multiple tests with name 'TC1' executed in suite 'Add Patient'.</msg>
<msg timestamp="20230130 16:40:48.125" level="WARN">Multiple tests with name 'TC1' executed in suite 'Add Patient'.</msg>
</errors>
</robot>
